#
# There is insufficient memory for the Java Runtime Environment to continue.
# Native memory allocation (mmap) failed to map 65536 bytes. Error detail: Failed to commit metaspace.
# Possible reasons:
#   The system is out of physical RAM or swap space
#   This process is running with CompressedOops enabled, and the Java Heap may be blocking the growth of the native heap
# Possible solutions:
#   Reduce memory load on the system
#   Increase physical memory or swap space
#   Check if swap backing store is full
#   Decrease Java heap size (-Xmx/-Xms)
#   Decrease number of Java threads
#   Decrease Java thread stack sizes (-Xss)
#   Set larger code cache with -XX:ReservedCodeCacheSize=
#   JVM is running with Zero Based Compressed Oops mode in which the Java heap is
#     placed in the first 32GB address space. The Java Heap base address is the
#     maximum limit for the native heap growth. Please use -XX:HeapBaseMinAddress
#     to set the Java Heap base and to place the Java Heap above 32GB virtual address.
# This output file may be truncated or incomplete.
#
#  Out of Memory Error (virtualSpaceNode.cpp:113), pid=22196, tid=24756
#
# JRE version: OpenJDK Runtime Environment (21.0.10) (build 21.0.10+-14961533-b1163.108)
# Java VM: OpenJDK 64-Bit Server VM (21.0.10+-14961533-b1163.108, mixed mode, tiered, compressed oops, compressed class ptrs, g1 gc, windows-amd64)
# No core dump will be written. Minidumps are not enabled by default on client versions of Windows
#

---------------  S U M M A R Y ------------

Command Line: org.jetbrains.kotlin.cli.jvm.K2JVMCompiler @C:\Users\sabda\AndroidStudioProjects\NewsApp\app\build\20260506_5698451576951605103.compiler.options

Host: 11th Gen Intel(R) Core(TM) i7-11800H @ 2.30GHz, 16 cores, 15G,  Windows 11 , 64 bit Build 26100 (10.0.26100.8328)
Time: Wed May  6 15:18:06 2026 Egypt Daylight Time elapsed time: 5.695149 seconds (0d 0h 0m 5s)

---------------  T H R E A D  ---------------

Current thread (0x0000024d50602920):  JavaThread "main"             [_thread_in_vm, id=24756, stack(0x000000f5a6600000,0x000000f5a6700000) (1024K)]

Stack: [0x000000f5a6600000,0x000000f5a6700000]
Native frames: (J=compiled Java code, j=interpreted, Vv=VM code, C=native code)
V  [jvm.dll+0x6d78a9]
V  [jvm.dll+0x8665b3]
V  [jvm.dll+0x868bde]
V  [jvm.dll+0x8692c3]
V  [jvm.dll+0x280ee6]
V  [jvm.dll+0x86146e]
V  [jvm.dll+0x67add5]
V  [jvm.dll+0x1e4911]
V  [jvm.dll+0x1e46de]
V  [jvm.dll+0x67d728]
V  [jvm.dll+0x67d562]
V  [jvm.dll+0x67b7ce]
V  [jvm.dll+0x3c2b6f]
V  [jvm.dll+0x20e6cb]
V  [jvm.dll+0x5b7fa1]
V  [jvm.dll+0x7dfadd]
V  [jvm.dll+0x7dfa41]
V  [jvm.dll+0x473846]
V  [jvm.dll+0x486926]
C  [java.dll+0x1657]

Java frames: (J=compiled Java code, j=interpreted, Vv=VM code)
J 1110  java.lang.ClassLoader.defineClass0(Ljava/lang/ClassLoader;Ljava/lang/Class;Ljava/lang/String;[BIILjava/security/ProtectionDomain;ZILjava/lang/Object;)Ljava/lang/Class; java.base@21.0.10 (0 bytes) @ 0x0000024d5d75bc3c [0x0000024d5d75bb40+0x00000000000000fc]
j  java.lang.System$2.defineClass(Ljava/lang/ClassLoader;Ljava/lang/Class;Ljava/lang/String;[BLjava/security/ProtectionDomain;ZILjava/lang/Object;)Ljava/lang/Class;+17 java.base@21.0.10
j  java.lang.invoke.MethodHandles$Lookup$ClassDefiner.defineClass(ZLjava/lang/Object;)Ljava/lang/Class;+57 java.base@21.0.10
j  java.lang.invoke.InnerClassLambdaMetafactory.generateInnerClass()Ljava/lang/Class;+490 java.base@21.0.10
j  java.lang.invoke.InnerClassLambdaMetafactory.spinInnerClass()Ljava/lang/Class;+114 java.base@21.0.10
j  java.lang.invoke.InnerClassLambdaMetafactory.buildCallSite()Ljava/lang/invoke/CallSite;+1 java.base@21.0.10
j  java.lang.invoke.LambdaMetafactory.metafactory(Ljava/lang/invoke/MethodHandles$Lookup;Ljava/lang/String;Ljava/lang/invoke/MethodType;Ljava/lang/invoke/MethodType;Ljava/lang/invoke/MethodHandle;Ljava/lang/invoke/MethodType;)Ljava/lang/invoke/CallSite;+67 java.base@21.0.10
j  java.lang.invoke.LambdaForm$DMH+0x0000000800220400.invokeStatic(Ljava/lang/Object;Ljava/lang/Object;Ljava/lang/Object;Ljava/lang/Object;Ljava/lang/Object;Ljava/lang/Object;Ljava/lang/Object;)Ljava/lang/Object;+27 java.base@21.0.10
j  java.lang.invoke.Invokers$Holder.invokeExact_MT(Ljava/lang/Object;Ljava/lang/Object;Ljava/lang/Object;Ljava/lang/Object;Ljava/lang/Object;Ljava/lang/Object;Ljava/lang/Object;Ljava/lang/Object;)Ljava/lang/Object;+28 java.base@21.0.10
j  java.lang.invoke.BootstrapMethodInvoker.invoke(Ljava/lang/Class;Ljava/lang/invoke/MethodHandle;Ljava/lang/String;Ljava/lang/Object;Ljava/lang/Object;Ljava/lang/Class;)Ljava/lang/Object;+319 java.base@21.0.10
j  java.lang.invoke.CallSite.makeSite(Ljava/lang/invoke/MethodHandle;Ljava/lang/String;Ljava/lang/invoke/MethodType;Ljava/lang/Object;Ljava/lang/Class;)Ljava/lang/invoke/CallSite;+8 java.base@21.0.10
j  java.lang.invoke.MethodHandleNatives.linkCallSiteImpl(Ljava/lang/Class;Ljava/lang/invoke/MethodHandle;Ljava/lang/String;Ljava/lang/invoke/MethodType;Ljava/lang/Object;[Ljava/lang/Object;)Ljava/lang/invoke/MemberName;+6 java.base@21.0.10
j  java.lang.invoke.MethodHandleNatives.linkCallSite(Ljava/lang/Object;Ljava/lang/Object;Ljava/lang/Object;Ljava/lang/Object;Ljava/lang/Object;[Ljava/lang/Object;)Ljava/lang/invoke/MemberName;+45 java.base@21.0.10
v  ~StubRoutines::call_stub 0x0000024d5cfc10e7
j  org.jetbrains.kotlin.com.intellij.psi.impl.PsiJavaParserFacadeImpl.<clinit>()V+44
v  ~StubRoutines::call_stub 0x0000024d5cfc10e7
j  org.jetbrains.kotlin.com.intellij.core.JavaCoreProjectEnvironment.<init>(Lorg/jetbrains/kotlin/com/intellij/openapi/Disposable;Lorg/jetbrains/kotlin/com/intellij/core/CoreApplicationEnvironment;)V+28
j  org.jetbrains.kotlin.cli.jvm.compiler.KotlinCoreProjectEnvironment.<init>(Lorg/jetbrains/kotlin/com/intellij/openapi/Disposable;Lorg/jetbrains/kotlin/cli/jvm/compiler/KotlinCoreApplicationEnvironment;)V+18
j  org.jetbrains.kotlin.cli.jvm.compiler.KotlinCoreEnvironment$ProjectEnvironment.<init>(Lorg/jetbrains/kotlin/com/intellij/openapi/Disposable;Lorg/jetbrains/kotlin/cli/jvm/compiler/KotlinCoreApplicationEnvironment;Lorg/jetbrains/kotlin/config/CompilerConfiguration;)V+21
j  org.jetbrains.kotlin.cli.jvm.compiler.KotlinCoreEnvironment$Companion.createForProduction(Lorg/jetbrains/kotlin/com/intellij/openapi/Disposable;Lorg/jetbrains/kotlin/config/CompilerConfiguration;Lorg/jetbrains/kotlin/cli/jvm/compiler/EnvironmentConfigFiles;)Lorg/jetbrains/kotlin/cli/jvm/compiler/KotlinCoreEnvironment;+40
j  org.jetbrains.kotlin.cli.jvm.K2JVMCompiler.createCoreEnvironment(Lorg/jetbrains/kotlin/com/intellij/openapi/Disposable;Lorg/jetbrains/kotlin/config/CompilerConfiguration;Lorg/jetbrains/kotlin/cli/common/messages/MessageCollector;Ljava/lang/String;)Lorg/jetbrains/kotlin/cli/jvm/compiler/KotlinCoreEnvironment;+19
j  org.jetbrains.kotlin.cli.jvm.K2JVMCompiler.doExecute(Lorg/jetbrains/kotlin/cli/common/arguments/K2JVMCompilerArguments;Lorg/jetbrains/kotlin/config/CompilerConfiguration;Lorg/jetbrains/kotlin/com/intellij/openapi/Disposable;Lorg/jetbrains/kotlin/utils/KotlinPaths;)Lorg/jetbrains/kotlin/cli/common/ExitCode;+999
j  org.jetbrains.kotlin.cli.jvm.K2JVMCompiler.doExecute(Lorg/jetbrains/kotlin/cli/common/arguments/CommonCompilerArguments;Lorg/jetbrains/kotlin/config/CompilerConfiguration;Lorg/jetbrains/kotlin/com/intellij/openapi/Disposable;Lorg/jetbrains/kotlin/utils/KotlinPaths;)Lorg/jetbrains/kotlin/cli/common/ExitCode;+9
j  org.jetbrains.kotlin.cli.common.CLICompiler.execImpl(Lorg/jetbrains/kotlin/cli/common/messages/MessageCollector;Lorg/jetbrains/kotlin/config/Services;Lorg/jetbrains/kotlin/cli/common/arguments/CommonCompilerArguments;)Lorg/jetbrains/kotlin/cli/common/ExitCode;+262
j  org.jetbrains.kotlin.cli.common.CLICompiler.execImpl(Lorg/jetbrains/kotlin/cli/common/messages/MessageCollector;Lorg/jetbrains/kotlin/config/Services;Lorg/jetbrains/kotlin/cli/common/arguments/CommonToolArguments;)Lorg/jetbrains/kotlin/cli/common/ExitCode;+7
j  org.jetbrains.kotlin.cli.common.CLITool.exec(Lorg/jetbrains/kotlin/cli/common/messages/MessageCollector;Lorg/jetbrains/kotlin/config/Services;Lorg/jetbrains/kotlin/cli/common/arguments/CommonToolArguments;)Lorg/jetbrains/kotlin/cli/common/ExitCode;+76
j  org.jetbrains.kotlin.cli.common.CLITool.exec(Ljava/io/PrintStream;Lorg/jetbrains/kotlin/config/Services;Lorg/jetbrains/kotlin/cli/common/messages/MessageRenderer;[Ljava/lang/String;)Lorg/jetbrains/kotlin/cli/common/ExitCode;+239
j  org.jetbrains.kotlin.cli.common.CLITool.exec(Ljava/io/PrintStream;Lorg/jetbrains/kotlin/cli/common/messages/MessageRenderer;[Ljava/lang/String;)Lorg/jetbrains/kotlin/cli/common/ExitCode;+25
j  org.jetbrains.kotlin.cli.common.CLITool$Companion.doMainNoExit(Lorg/jetbrains/kotlin/cli/common/CLITool;[Ljava/lang/String;Lorg/jetbrains/kotlin/cli/common/messages/MessageRenderer;)Lorg/jetbrains/kotlin/cli/common/ExitCode;+39
j  org.jetbrains.kotlin.cli.common.CLITool$Companion.doMainNoExit$default(Lorg/jetbrains/kotlin/cli/common/CLITool$Companion;Lorg/jetbrains/kotlin/cli/common/CLITool;[Ljava/lang/String;Lorg/jetbrains/kotlin/cli/common/messages/MessageRenderer;ILjava/lang/Object;)Lorg/jetbrains/kotlin/cli/common/ExitCode;+16
j  org.jetbrains.kotlin.cli.common.CLITool$Companion.doMain(Lorg/jetbrains/kotlin/cli/common/CLITool;[Ljava/lang/String;)V+54
j  org.jetbrains.kotlin.cli.jvm.K2JVMCompiler$Companion.main([Ljava/lang/String;)V+20
j  org.jetbrains.kotlin.cli.jvm.K2JVMCompiler.main([Ljava/lang/String;)V+4
v  ~StubRoutines::call_stub 0x0000024d5cfc10e7

Compiled method (n/a) 5726 1110     n 0       java.lang.ClassLoader::defineClass0 (native)
 total in heap  [0x0000024d5d75b990,0x0000024d5d75c058] = 1736
 relocation     [0x0000024d5d75baf0,0x0000024d5d75bb28] = 56
 main code      [0x0000024d5d75bb40,0x0000024d5d75c052] = 1298
 stub code      [0x0000024d5d75c052,0x0000024d5d75c058] = 6

[Constant Pool (empty)]

[MachCode]
[Entry Point]
  # {method} {0x0000024d6e0251c0} 'defineClass0' '(Ljava/lang/ClassLoader;Ljava/lang/Class;Ljava/lang/String;[BIILjava/security/ProtectionDomain;ZILjava/lang/Object;)Ljava/lang/Class;' in 'java/lang/ClassLoader'
  # parm0:    rdx:rdx   = 'java/lang/ClassLoader'
  # parm1:    r8:r8     = 'java/lang/Class'
  # parm2:    r9:r9     = 'java/lang/String'
  # parm3:    rdi:rdi   = '[B'
  # parm4:    rsi       = int
  # parm5:    rcx       = int
  # parm6:    [sp+0xb0]   = 'java/security/ProtectionDomain'  (sp of caller)
  # parm7:    [sp+0xb8]   = boolean
  # parm8:    [sp+0xc0]   = int
  # parm9:    [sp+0xc8]   = 'java/lang/Object'
  0x0000024d5d75bb40: 448b 5208 | 49bb 0000 | 0000 0800 | 0000 4d03 | d349 3bc2 | 0f84 0600 

  0x0000024d5d75bb58: ;   {runtime_call ic_miss_stub}
  0x0000024d5d75bb58: 0000 e921 | 2e8b ff90 
[Verified Entry Point]
  0x0000024d5d75bb60: 8984 2400 | 80ff ff55 | 488b ec48 | 81ec a000 | 0000 6690 | 4181 7f20 | 0100 0000 

  0x0000024d5d75bb7c: ;   {runtime_call StubRoutines (final stubs)}
  0x0000024d5d75bb7c: 7405 e85d | 158a ff48 | 837d 2800 | 488d 4528 | 480f 4445 | 2848 8944 | 2458 4863 | 4520 4889 
  0x0000024d5d75bb9c: 4424 5048 | 6345 1848 | 8944 2448 | 4883 7d10 | 0048 8d45 | 1048 0f44 | 4510 4889 | 4424 4048 
  0x0000024d5d75bbbc: 894c 2438 | 4889 7424 | 3048 897c | 2478 4883 | ff00 488d | 4424 7848 | 0f44 4424 | 7848 8944 
  0x0000024d5d75bbdc: 2428 4c89 | 4c24 7049 | 83f9 0048 | 8d44 2470 | 480f 4444 | 2470 4889 | 4424 204c | 8944 2468 
  0x0000024d5d75bbfc: 4983 f800 | 4c8d 4c24 | 684c 0f44 | 4c24 6848 | 8954 2460 | 4883 fa00 | 4c8d 4424 | 604c 0f44 
  0x0000024d5d75bc1c: ;   {oop(a 'java/lang/Class'{0x0000000712057538} = 'java/lang/ClassLoader')}
  0x0000024d5d75bc1c: 4424 6049 | be38 7505 | 1207 0000 | 004c 89b4 | 2490 0000 | 004c 8db4 | 2490 0000 | 0049 8bd6 
  0x0000024d5d75bc3c: ;   {internal_word}
  0x0000024d5d75bc3c: c5f8 7749 | ba3c bc75 | 5d4d 0200 | 004d 8997 | a803 0000 | 4989 a7a0 

  0x0000024d5d75bc54: ;   {external_word}
  0x0000024d5d75bc54: 0300 0049 | baa8 fa5b | 07fe 7f00 | 0041 803a | 000f 844e | 0000 0052 | 4150 4151 

  0x0000024d5d75bc70: ;   {metadata({method} {0x0000024d6e0251c0} 'defineClass0' '(Ljava/lang/ClassLoader;Ljava/lang/Class;Ljava/lang/String;[BIILjava/security/ProtectionDomain;ZILjava/lang/Object;)Ljava/lang/Class;' in 'java/lang/ClassLoader')}
  0x0000024d5d75bc70: 48ba b851 | 026e 4d02 | 0000 498b | cf48 83ec | 2040 f6c4 | 0f0f 8419 | 0000 0048 

  0x0000024d5d75bc8c: ;   {runtime_call}
  0x0000024d5d75bc8c: 83ec 0848 | b830 e915 | 07fe 7f00 | 00ff d048 | 83c4 08e9 | 0c00 0000 

  0x0000024d5d75bca4: ;   {runtime_call}
  0x0000024d5d75bca4: 48b8 30e9 | 1507 fe7f | 0000 ffd0 | 4883 c420 | 4159 4158 | 5a49 8d8f | c003 0000 | 41c7 874c 
  0x0000024d5d75bcc4: 0400 0004 

  0x0000024d5d75bcc8: ;   {runtime_call}
  0x0000024d5d75bcc8: 0000 0048 | b81c 15fb | c3fe 7f00 | 00ff d0c5 | f877 41c7 | 874c 0400 | 0005 0000 | 00f0 8344 
  0x0000024d5d75bce8: 24c0 0049 | 3baf 5004 | 0000 0f87 | 0e00 0000 | 4183 bf48 | 0400 0000 | 0f84 2b00 | 0000 c5f8 
  0x0000024d5d75bd08: 7748 8945 | f849 8bcf | 4c8b e448 | 83ec 2048 

  0x0000024d5d75bd18: ;   {runtime_call}
  0x0000024d5d75bd18: 83e4 f048 | b8e0 1ee1 | 06fe 7f00 | 00ff d049 | 8be4 4d33 | e448 8b45 | f841 c787 | 4c04 0000 
  0x0000024d5d75bd38: 0800 0000 | 4183 bfc8 | 0400 0002 | 0f84 db02 

  0x0000024d5d75bd48: ;   {external_word}
  0x0000024d5d75bd48: 0000 49ba | a8fa 5b07 | fe7f 0000 | 4180 3a00 | 0f84 4c00 | 0000 4889 

  0x0000024d5d75bd60: ;   {metadata({method} {0x0000024d6e0251c0} 'defineClass0' '(Ljava/lang/ClassLoader;Ljava/lang/Class;Ljava/lang/String;[BIILjava/security/ProtectionDomain;ZILjava/lang/Object;)Ljava/lang/Class;' in 'java/lang/ClassLoader')}
  0x0000024d5d75bd60: 45f8 48ba | b851 026e | 4d02 0000 | 498b cf48 | 83ec 2040 | f6c4 0f0f | 8419 0000 | 0048 83ec 
  0x0000024d5d75bd80: ;   {runtime_call}
  0x0000024d5d75bd80: 0848 b830 | e915 07fe | 7f00 00ff | d048 83c4 | 08e9 0c00 

  0x0000024d5d75bd94: ;   {runtime_call}
  0x0000024d5d75bd94: 0000 48b8 | 30e9 1507 | fe7f 0000 | ffd0 4883 | c420 488b | 45f8 49c7 | 87a0 0300 | 0000 0000 
  0x0000024d5d75bdb4: 0049 c787 | a803 0000 | 0000 0000 | c5f8 7748 | 85c0 0f84 | 3602 0000 | a803 0f85 | 0800 0000 
  0x0000024d5d75bdd4: 488b 00e9 | 2602 0000 | a801 0f85 | 0900 0000 | 488b 40fe | e915 0200 | 0048 8b40 | ff41 807f 
  0x0000024d5d75bdf4: 4000 0f84 | 0602 0000 | 4883 f800 | 0f84 fc01 | 0000 498b | 4f28 4883 | f900 0f84 | 1400 0000 
  0x0000024d5d75be14: 4883 e908 | 4989 4f28 | 4903 4f38 | 4889 01e9 | da01 0000 | 4881 ecf0 | 0000 0048 | 8904 2448 
  0x0000024d5d75be34: 894c 2408 | 4889 5424 | 104c 8944 | 2418 4c89 | 4c24 204c | 8954 2428 | 4c89 5c24 | 30c5 fb11 
  0x0000024d5d75be54: 4424 40c5 | fb11 4c24 | 48c5 fb11 | 5424 50c5 | fb11 5c24 | 58c5 fb11 | 6424 60c5 | fb11 6c24 
  0x0000024d5d75be74: 6862 e1ff | 0811 4424 | 0e62 e1ff | 0811 4c24 | 0f62 e1ff | 0811 5424 | 1062 e1ff | 0811 5c24 
  0x0000024d5d75be94: ;   {no_reloc}
  0x0000024d5d75be94: 1162 e1ff | 0811 6424 | 1262 e1ff | 0811 6c24 | 1362 e1ff | 0811 7424 | 1462 e1ff | 0811 7c24 
  0x0000024d5d75beb4: 1562 61ff | 0811 4424 | 1662 61ff | 0811 4c24 | 1762 61ff | 0811 5424 | 1862 61ff | 0811 5c24 
  0x0000024d5d75bed4: 1962 61ff | 0811 6424 | 1a62 61ff | 0811 6c24 | 1b62 61ff | 0811 7424 | 1c62 61ff | 0811 7c24 
  0x0000024d5d75bef4: 1d49 8bd7 | 488b c848 | 83ec 2040 | f6c4 0f0f | 8419 0000 | 0048 83ec 

  0x0000024d5d75bf0c: ;   {runtime_call}
  0x0000024d5d75bf0c: 0848 b800 | 2ad4 06fe | 7f00 00ff | d048 83c4 | 08e9 0c00 

  0x0000024d5d75bf20: ;   {runtime_call}
  0x0000024d5d75bf20: 0000 48b8 | 002a d406 | fe7f 0000 | ffd0 4883 | c420 6261 | ff08 107c | 241d 6261 | ff08 1074 
  0x0000024d5d75bf40: 241c 6261 | ff08 106c | 241b 6261 | ff08 1064 | 241a 6261 | ff08 105c | 2419 6261 | ff08 1054 
  0x0000024d5d75bf60: 2418 6261 | ff08 104c | 2417 6261 | ff08 1044 | 2416 62e1 | ff08 107c | 2415 62e1 | ff08 1074 
  0x0000024d5d75bf80: 2414 62e1 | ff08 106c | 2413 62e1 | ff08 1064 | 2412 62e1 | ff08 105c | 2411 62e1 | ff08 1054 
  0x0000024d5d75bfa0: 2410 62e1 | ff08 104c | 240f 62e1 | ff08 1044 | 240e c5fb | 106c 2468 | c5fb 1064 | 2460 c5fb 
  0x0000024d5d75bfc0: 105c 2458 | c5fb 1054 | 2450 c5fb | 104c 2448 | c5fb 1044 | 2440 4c8b | 5c24 304c | 8b54 2428 
  0x0000024d5d75bfe0: 4c8b 4c24 | 204c 8b44 | 2418 488b | 5424 1048 | 8b4c 2408 | 488b 0424 | 4881 c4f0 | 0000 00c5 
  0x0000024d5d75c000: f877 498b | 8f30 0400 | 00c7 8100 | 0100 0000 | 0000 00c9 | 4983 7f08 | 000f 8501 | 0000 00c3 
  0x0000024d5d75c020: ;   {runtime_call StubRoutines (initial stubs)}
  0x0000024d5d75c020: e9db 4e86 | ffc5 f877 | 4889 45f8 | 4c8b e448 | 83ec 2048 

  0x0000024d5d75c034: ;   {runtime_call}
  0x0000024d5d75c034: 83e4 f048 | b880 2016 | 07fe 7f00 | 00ff d049 | 8be4 4d33 | e448 8b45 | f8e9 f8fc | ffff f4f4 
  0x0000024d5d75c054: f4f4 f4f4 
[/MachCode]


---------------  P R O C E S S  ---------------

Threads class SMR info:
_java_thread_list=0x0000024d72ac9610, length=11, elements={
0x0000024d50602920, 0x0000024d6d5a4f90, 0x0000024d6d5af7b0, 0x0000024d6d5b07a0,
0x0000024d6d5f1eb0, 0x0000024d6d5ef0c0, 0x0000024d6d5f1190, 0x0000024d6d5f1820,
0x0000024d6d5f96e0, 0x0000024d6d5fa180, 0x0000024d6d5eea30
}

Java Threads: ( => current thread )
=>0x0000024d50602920 JavaThread "main"                              [_thread_in_vm, id=24756, stack(0x000000f5a6600000,0x000000f5a6700000) (1024K)]
  0x0000024d6d5a4f90 JavaThread "Common-Cleaner"             daemon [_thread_blocked, id=25464, stack(0x000000f5a6e00000,0x000000f5a6f00000) (1024K)]
  0x0000024d6d5af7b0 JavaThread "Reference Handler"          daemon [_thread_blocked, id=25556, stack(0x000000f5a6f00000,0x000000f5a7000000) (1024K)]
  0x0000024d6d5b07a0 JavaThread "Finalizer"                  daemon [_thread_blocked, id=23216, stack(0x000000f5a7000000,0x000000f5a7100000) (1024K)]
  0x0000024d6d5f1eb0 JavaThread "Signal Dispatcher"          daemon [_thread_blocked, id=10732, stack(0x000000f5a7100000,0x000000f5a7200000) (1024K)]
  0x0000024d6d5ef0c0 JavaThread "Attach Listener"            daemon [_thread_blocked, id=3376, stack(0x000000f5a7200000,0x000000f5a7300000) (1024K)]
  0x0000024d6d5f1190 JavaThread "Service Thread"             daemon [_thread_blocked, id=24664, stack(0x000000f5a7300000,0x000000f5a7400000) (1024K)]
  0x0000024d6d5f1820 JavaThread "Monitor Deflation Thread"   daemon [_thread_blocked, id=11556, stack(0x000000f5a7400000,0x000000f5a7500000) (1024K)]
  0x0000024d6d5f96e0 JavaThread "C2 CompilerThread0"         daemon [_thread_blocked, id=22064, stack(0x000000f5a7500000,0x000000f5a7600000) (1024K)]
  0x0000024d6d5fa180 JavaThread "C1 CompilerThread0"         daemon [_thread_blocked, id=26228, stack(0x000000f5a7600000,0x000000f5a7700000) (1024K)]
  0x0000024d6d5eea30 JavaThread "Notification Thread"        daemon [_thread_blocked, id=20336, stack(0x000000f5a7800000,0x000000f5a7900000) (1024K)]
Total: 11

Other Threads:
  0x0000024d6d525590 VMThread "VM Thread"                           [id=8464, stack(0x000000f5a6d00000,0x000000f5a6e00000) (1024K)]
  0x0000024d6ce35340 WatcherThread "VM Periodic Task Thread"        [id=23452, stack(0x000000f5a6c00000,0x000000f5a6d00000) (1024K)]
  0x0000024d52a71820 WorkerThread "GC Thread#0"                     [id=7312, stack(0x000000f5a6700000,0x000000f5a6800000) (1024K)]
  0x0000024d725a4bd0 WorkerThread "GC Thread#1"                     [id=21180, stack(0x000000f5a7d00000,0x000000f5a7e00000) (1024K)]
  0x0000024d725a4f80 WorkerThread "GC Thread#2"                     [id=23108, stack(0x000000f5a7e00000,0x000000f5a7f00000) (1024K)]
  0x0000024d725c35e0 WorkerThread "GC Thread#3"                     [id=25792, stack(0x000000f5a7f00000,0x000000f5a8000000) (1024K)]
  0x0000024d725c53b0 WorkerThread "GC Thread#4"                     [id=18192, stack(0x000000f5a8000000,0x000000f5a8100000) (1024K)]
  0x0000024d725c39e0 WorkerThread "GC Thread#5"                     [id=26376, stack(0x000000f5a8100000,0x000000f5a8200000) (1024K)]
  0x0000024d52a82460 ConcurrentGCThread "G1 Main Marker"            [id=25956, stack(0x000000f5a6800000,0x000000f5a6900000) (1024K)]
  0x0000024d52a83db0 WorkerThread "G1 Conc#0"                       [id=12776, stack(0x000000f5a6900000,0x000000f5a6a00000) (1024K)]
  0x0000024d52ace820 ConcurrentGCThread "G1 Refine#0"               [id=23768, stack(0x000000f5a6a00000,0x000000f5a6b00000) (1024K)]
  0x0000024d6cd07880 ConcurrentGCThread "G1 Service"                [id=3200, stack(0x000000f5a6b00000,0x000000f5a6c00000) (1024K)]
Total: 12

Threads with active compile tasks:
Total: 0

VM state: not at safepoint (normal execution)

VM Mutex/Monitor currently owned by a thread:  ([mutex/lock_event])
[0x00007ffe075d64d0] Metaspace_lock - owner thread: 0x0000024d50602920

Heap address: 0x0000000703a00000, size: 4038 MB, Compressed Oops mode: Zero based, Oop shift amount: 3

CDS archive(s) not mapped
Compressed class space mapped at: 0x0000000800000000-0x0000000840000000, reserved size: 1073741824
Narrow klass base: 0x0000000800000000, Narrow klass shift: 0, Narrow klass range: 0x40000000

GC Precious Log:
 CardTable entry size: 512
 Card Set container configuration: InlinePtr #cards 4 size 8 Array Of Cards #cards 16 size 48 Howl #buckets 8 coarsen threshold 3686 Howl Bitmap #cards 512 size 80 coarsen threshold 460 Card regions per heap region 1 cards per card region 4096
 CPUs: 16 total, 16 available
 Memory: 16151M
 Large Page Support: Disabled
 NUMA Support: Disabled
 Compressed Oops: Enabled (Zero based)
 Heap Region Size: 2M
 Heap Min Capacity: 8M
 Heap Initial Capacity: 254M
 Heap Max Capacity: 4038M
 Pre-touch: Disabled
 Parallel Workers: 13
 Concurrent Workers: 3
 Concurrent Refinement Workers: 13
 Periodic GC: Disabled

Heap:
 garbage-first heap   total 260096K, used 25477K [0x0000000703a00000, 0x0000000800000000)
  region size 2048K, 12 young (24576K), 2 survivors (4096K)
 Metaspace       used 20397K, committed 20544K, reserved 1114112K
  class space    used 2116K, committed 2176K, reserved 1048576K

Heap Regions: E=young(eden), S=young(survivor), O=old, HS=humongous(starts), HC=humongous(continues), CS=collection set, F=free, TAMS=top-at-mark-start, PB=parsable bottom
|   0|0x0000000703a00000, 0x0000000703c00000, 0x0000000703c00000|100%|HS|  |TAMS 0x0000000703a00000| PB 0x0000000703a00000| Complete 
|   1|0x0000000703c00000, 0x0000000703e00000, 0x0000000703e00000|100%|HC|  |TAMS 0x0000000703c00000| PB 0x0000000703c00000| Complete 
|   2|0x0000000703e00000, 0x0000000703e00000, 0x0000000704000000|  0%| F|  |TAMS 0x0000000703e00000| PB 0x0000000703e00000| Untracked 
|   3|0x0000000704000000, 0x0000000704000000, 0x0000000704200000|  0%| F|  |TAMS 0x0000000704000000| PB 0x0000000704000000| Untracked 
|   4|0x0000000704200000, 0x0000000704200000, 0x0000000704400000|  0%| F|  |TAMS 0x0000000704200000| PB 0x0000000704200000| Untracked 
|   5|0x0000000704400000, 0x0000000704400000, 0x0000000704600000|  0%| F|  |TAMS 0x0000000704400000| PB 0x0000000704400000| Untracked 
|   6|0x0000000704600000, 0x0000000704600000, 0x0000000704800000|  0%| F|  |TAMS 0x0000000704600000| PB 0x0000000704600000| Untracked 
|   7|0x0000000704800000, 0x0000000704800000, 0x0000000704a00000|  0%| F|  |TAMS 0x0000000704800000| PB 0x0000000704800000| Untracked 
|   8|0x0000000704a00000, 0x0000000704a00000, 0x0000000704c00000|  0%| F|  |TAMS 0x0000000704a00000| PB 0x0000000704a00000| Untracked 
|   9|0x0000000704c00000, 0x0000000704c00000, 0x0000000704e00000|  0%| F|  |TAMS 0x0000000704c00000| PB 0x0000000704c00000| Untracked 
|  10|0x0000000704e00000, 0x0000000704e00000, 0x0000000705000000|  0%| F|  |TAMS 0x0000000704e00000| PB 0x0000000704e00000| Untracked 
|  11|0x0000000705000000, 0x0000000705000000, 0x0000000705200000|  0%| F|  |TAMS 0x0000000705000000| PB 0x0000000705000000| Untracked 
|  12|0x0000000705200000, 0x0000000705200000, 0x0000000705400000|  0%| F|  |TAMS 0x0000000705200000| PB 0x0000000705200000| Untracked 
|  13|0x0000000705400000, 0x0000000705400000, 0x0000000705600000|  0%| F|  |TAMS 0x0000000705400000| PB 0x0000000705400000| Untracked 
|  14|0x0000000705600000, 0x0000000705600000, 0x0000000705800000|  0%| F|  |TAMS 0x0000000705600000| PB 0x0000000705600000| Untracked 
|  15|0x0000000705800000, 0x0000000705800000, 0x0000000705a00000|  0%| F|  |TAMS 0x0000000705800000| PB 0x0000000705800000| Untracked 
|  16|0x0000000705a00000, 0x0000000705a00000, 0x0000000705c00000|  0%| F|  |TAMS 0x0000000705a00000| PB 0x0000000705a00000| Untracked 
|  17|0x0000000705c00000, 0x0000000705c00000, 0x0000000705e00000|  0%| F|  |TAMS 0x0000000705c00000| PB 0x0000000705c00000| Untracked 
|  18|0x0000000705e00000, 0x0000000705e00000, 0x0000000706000000|  0%| F|  |TAMS 0x0000000705e00000| PB 0x0000000705e00000| Untracked 
|  19|0x0000000706000000, 0x0000000706000000, 0x0000000706200000|  0%| F|  |TAMS 0x0000000706000000| PB 0x0000000706000000| Untracked 
|  20|0x0000000706200000, 0x0000000706200000, 0x0000000706400000|  0%| F|  |TAMS 0x0000000706200000| PB 0x0000000706200000| Untracked 
|  21|0x0000000706400000, 0x0000000706400000, 0x0000000706600000|  0%| F|  |TAMS 0x0000000706400000| PB 0x0000000706400000| Untracked 
|  22|0x0000000706600000, 0x0000000706600000, 0x0000000706800000|  0%| F|  |TAMS 0x0000000706600000| PB 0x0000000706600000| Untracked 
|  23|0x0000000706800000, 0x0000000706800000, 0x0000000706a00000|  0%| F|  |TAMS 0x0000000706800000| PB 0x0000000706800000| Untracked 
|  24|0x0000000706a00000, 0x0000000706a00000, 0x0000000706c00000|  0%| F|  |TAMS 0x0000000706a00000| PB 0x0000000706a00000| Untracked 
|  25|0x0000000706c00000, 0x0000000706c00000, 0x0000000706e00000|  0%| F|  |TAMS 0x0000000706c00000| PB 0x0000000706c00000| Untracked 
|  26|0x0000000706e00000, 0x0000000706e00000, 0x0000000707000000|  0%| F|  |TAMS 0x0000000706e00000| PB 0x0000000706e00000| Untracked 
|  27|0x0000000707000000, 0x0000000707000000, 0x0000000707200000|  0%| F|  |TAMS 0x0000000707000000| PB 0x0000000707000000| Untracked 
|  28|0x0000000707200000, 0x0000000707200000, 0x0000000707400000|  0%| F|  |TAMS 0x0000000707200000| PB 0x0000000707200000| Untracked 
|  29|0x0000000707400000, 0x0000000707400000, 0x0000000707600000|  0%| F|  |TAMS 0x0000000707400000| PB 0x0000000707400000| Untracked 
|  30|0x0000000707600000, 0x0000000707600000, 0x0000000707800000|  0%| F|  |TAMS 0x0000000707600000| PB 0x0000000707600000| Untracked 
|  31|0x0000000707800000, 0x0000000707800000, 0x0000000707a00000|  0%| F|  |TAMS 0x0000000707800000| PB 0x0000000707800000| Untracked 
|  32|0x0000000707a00000, 0x0000000707a00000, 0x0000000707c00000|  0%| F|  |TAMS 0x0000000707a00000| PB 0x0000000707a00000| Untracked 
|  33|0x0000000707c00000, 0x0000000707c00000, 0x0000000707e00000|  0%| F|  |TAMS 0x0000000707c00000| PB 0x0000000707c00000| Untracked 
|  34|0x0000000707e00000, 0x0000000707e00000, 0x0000000708000000|  0%| F|  |TAMS 0x0000000707e00000| PB 0x0000000707e00000| Untracked 
|  35|0x0000000708000000, 0x0000000708000000, 0x0000000708200000|  0%| F|  |TAMS 0x0000000708000000| PB 0x0000000708000000| Untracked 
|  36|0x0000000708200000, 0x0000000708200000, 0x0000000708400000|  0%| F|  |TAMS 0x0000000708200000| PB 0x0000000708200000| Untracked 
|  37|0x0000000708400000, 0x0000000708400000, 0x0000000708600000|  0%| F|  |TAMS 0x0000000708400000| PB 0x0000000708400000| Untracked 
|  38|0x0000000708600000, 0x0000000708600000, 0x0000000708800000|  0%| F|  |TAMS 0x0000000708600000| PB 0x0000000708600000| Untracked 
|  39|0x0000000708800000, 0x0000000708800000, 0x0000000708a00000|  0%| F|  |TAMS 0x0000000708800000| PB 0x0000000708800000| Untracked 
|  40|0x0000000708a00000, 0x0000000708a00000, 0x0000000708c00000|  0%| F|  |TAMS 0x0000000708a00000| PB 0x0000000708a00000| Untracked 
|  41|0x0000000708c00000, 0x0000000708c00000, 0x0000000708e00000|  0%| F|  |TAMS 0x0000000708c00000| PB 0x0000000708c00000| Untracked 
|  42|0x0000000708e00000, 0x0000000708e00000, 0x0000000709000000|  0%| F|  |TAMS 0x0000000708e00000| PB 0x0000000708e00000| Untracked 
|  43|0x0000000709000000, 0x0000000709000000, 0x0000000709200000|  0%| F|  |TAMS 0x0000000709000000| PB 0x0000000709000000| Untracked 
|  44|0x0000000709200000, 0x0000000709200000, 0x0000000709400000|  0%| F|  |TAMS 0x0000000709200000| PB 0x0000000709200000| Untracked 
|  45|0x0000000709400000, 0x0000000709400000, 0x0000000709600000|  0%| F|  |TAMS 0x0000000709400000| PB 0x0000000709400000| Untracked 
|  46|0x0000000709600000, 0x0000000709600000, 0x0000000709800000|  0%| F|  |TAMS 0x0000000709600000| PB 0x0000000709600000| Untracked 
|  47|0x0000000709800000, 0x0000000709800000, 0x0000000709a00000|  0%| F|  |TAMS 0x0000000709800000| PB 0x0000000709800000| Untracked 
|  48|0x0000000709a00000, 0x0000000709a00000, 0x0000000709c00000|  0%| F|  |TAMS 0x0000000709a00000| PB 0x0000000709a00000| Untracked 
|  49|0x0000000709c00000, 0x0000000709c00000, 0x0000000709e00000|  0%| F|  |TAMS 0x0000000709c00000| PB 0x0000000709c00000| Untracked 
|  50|0x0000000709e00000, 0x0000000709e00000, 0x000000070a000000|  0%| F|  |TAMS 0x0000000709e00000| PB 0x0000000709e00000| Untracked 
|  51|0x000000070a000000, 0x000000070a000000, 0x000000070a200000|  0%| F|  |TAMS 0x000000070a000000| PB 0x000000070a000000| Untracked 
|  52|0x000000070a200000, 0x000000070a200000, 0x000000070a400000|  0%| F|  |TAMS 0x000000070a200000| PB 0x000000070a200000| Untracked 
|  53|0x000000070a400000, 0x000000070a400000, 0x000000070a600000|  0%| F|  |TAMS 0x000000070a400000| PB 0x000000070a400000| Untracked 
|  54|0x000000070a600000, 0x000000070a600000, 0x000000070a800000|  0%| F|  |TAMS 0x000000070a600000| PB 0x000000070a600000| Untracked 
|  55|0x000000070a800000, 0x000000070a800000, 0x000000070aa00000|  0%| F|  |TAMS 0x000000070a800000| PB 0x000000070a800000| Untracked 
|  56|0x000000070aa00000, 0x000000070aa00000, 0x000000070ac00000|  0%| F|  |TAMS 0x000000070aa00000| PB 0x000000070aa00000| Untracked 
|  57|0x000000070ac00000, 0x000000070ac00000, 0x000000070ae00000|  0%| F|  |TAMS 0x000000070ac00000| PB 0x000000070ac00000| Untracked 
|  58|0x000000070ae00000, 0x000000070ae00000, 0x000000070b000000|  0%| F|  |TAMS 0x000000070ae00000| PB 0x000000070ae00000| Untracked 
|  59|0x000000070b000000, 0x000000070b000000, 0x000000070b200000|  0%| F|  |TAMS 0x000000070b000000| PB 0x000000070b000000| Untracked 
|  60|0x000000070b200000, 0x000000070b200000, 0x000000070b400000|  0%| F|  |TAMS 0x000000070b200000| PB 0x000000070b200000| Untracked 
|  61|0x000000070b400000, 0x000000070b400000, 0x000000070b600000|  0%| F|  |TAMS 0x000000070b400000| PB 0x000000070b400000| Untracked 
|  62|0x000000070b600000, 0x000000070b600000, 0x000000070b800000|  0%| F|  |TAMS 0x000000070b600000| PB 0x000000070b600000| Untracked 
|  63|0x000000070b800000, 0x000000070b800000, 0x000000070ba00000|  0%| F|  |TAMS 0x000000070b800000| PB 0x000000070b800000| Untracked 
|  64|0x000000070ba00000, 0x000000070ba00000, 0x000000070bc00000|  0%| F|  |TAMS 0x000000070ba00000| PB 0x000000070ba00000| Untracked 
|  65|0x000000070bc00000, 0x000000070bc00000, 0x000000070be00000|  0%| F|  |TAMS 0x000000070bc00000| PB 0x000000070bc00000| Untracked 
|  66|0x000000070be00000, 0x000000070be00000, 0x000000070c000000|  0%| F|  |TAMS 0x000000070be00000| PB 0x000000070be00000| Untracked 
|  67|0x000000070c000000, 0x000000070c000000, 0x000000070c200000|  0%| F|  |TAMS 0x000000070c000000| PB 0x000000070c000000| Untracked 
|  68|0x000000070c200000, 0x000000070c200000, 0x000000070c400000|  0%| F|  |TAMS 0x000000070c200000| PB 0x000000070c200000| Untracked 
|  69|0x000000070c400000, 0x000000070c400000, 0x000000070c600000|  0%| F|  |TAMS 0x000000070c400000| PB 0x000000070c400000| Untracked 
|  70|0x000000070c600000, 0x000000070c600000, 0x000000070c800000|  0%| F|  |TAMS 0x000000070c600000| PB 0x000000070c600000| Untracked 
|  71|0x000000070c800000, 0x000000070c800000, 0x000000070ca00000|  0%| F|  |TAMS 0x000000070c800000| PB 0x000000070c800000| Untracked 
|  72|0x000000070ca00000, 0x000000070ca00000, 0x000000070cc00000|  0%| F|  |TAMS 0x000000070ca00000| PB 0x000000070ca00000| Untracked 
|  73|0x000000070cc00000, 0x000000070cc00000, 0x000000070ce00000|  0%| F|  |TAMS 0x000000070cc00000| PB 0x000000070cc00000| Untracked 
|  74|0x000000070ce00000, 0x000000070ce00000, 0x000000070d000000|  0%| F|  |TAMS 0x000000070ce00000| PB 0x000000070ce00000| Untracked 
|  75|0x000000070d000000, 0x000000070d000000, 0x000000070d200000|  0%| F|  |TAMS 0x000000070d000000| PB 0x000000070d000000| Untracked 
|  76|0x000000070d200000, 0x000000070d200000, 0x000000070d400000|  0%| F|  |TAMS 0x000000070d200000| PB 0x000000070d200000| Untracked 
|  77|0x000000070d400000, 0x000000070d400000, 0x000000070d600000|  0%| F|  |TAMS 0x000000070d400000| PB 0x000000070d400000| Untracked 
|  78|0x000000070d600000, 0x000000070d600000, 0x000000070d800000|  0%| F|  |TAMS 0x000000070d600000| PB 0x000000070d600000| Untracked 
|  79|0x000000070d800000, 0x000000070d800000, 0x000000070da00000|  0%| F|  |TAMS 0x000000070d800000| PB 0x000000070d800000| Untracked 
|  80|0x000000070da00000, 0x000000070da00000, 0x000000070dc00000|  0%| F|  |TAMS 0x000000070da00000| PB 0x000000070da00000| Untracked 
|  81|0x000000070dc00000, 0x000000070dc00000, 0x000000070de00000|  0%| F|  |TAMS 0x000000070dc00000| PB 0x000000070dc00000| Untracked 
|  82|0x000000070de00000, 0x000000070de00000, 0x000000070e000000|  0%| F|  |TAMS 0x000000070de00000| PB 0x000000070de00000| Untracked 
|  83|0x000000070e000000, 0x000000070e000000, 0x000000070e200000|  0%| F|  |TAMS 0x000000070e000000| PB 0x000000070e000000| Untracked 
|  84|0x000000070e200000, 0x000000070e200000, 0x000000070e400000|  0%| F|  |TAMS 0x000000070e200000| PB 0x000000070e200000| Untracked 
|  85|0x000000070e400000, 0x000000070e400000, 0x000000070e600000|  0%| F|  |TAMS 0x000000070e400000| PB 0x000000070e400000| Untracked 
|  86|0x000000070e600000, 0x000000070e600000, 0x000000070e800000|  0%| F|  |TAMS 0x000000070e600000| PB 0x000000070e600000| Untracked 
|  87|0x000000070e800000, 0x000000070e800000, 0x000000070ea00000|  0%| F|  |TAMS 0x000000070e800000| PB 0x000000070e800000| Untracked 
|  88|0x000000070ea00000, 0x000000070ea00000, 0x000000070ec00000|  0%| F|  |TAMS 0x000000070ea00000| PB 0x000000070ea00000| Untracked 
|  89|0x000000070ec00000, 0x000000070ec00000, 0x000000070ee00000|  0%| F|  |TAMS 0x000000070ec00000| PB 0x000000070ec00000| Untracked 
|  90|0x000000070ee00000, 0x000000070ee00000, 0x000000070f000000|  0%| F|  |TAMS 0x000000070ee00000| PB 0x000000070ee00000| Untracked 
|  91|0x000000070f000000, 0x000000070f000000, 0x000000070f200000|  0%| F|  |TAMS 0x000000070f000000| PB 0x000000070f000000| Untracked 
|  92|0x000000070f200000, 0x000000070f200000, 0x000000070f400000|  0%| F|  |TAMS 0x000000070f200000| PB 0x000000070f200000| Untracked 
|  93|0x000000070f400000, 0x000000070f400000, 0x000000070f600000|  0%| F|  |TAMS 0x000000070f400000| PB 0x000000070f400000| Untracked 
|  94|0x000000070f600000, 0x000000070f600000, 0x000000070f800000|  0%| F|  |TAMS 0x000000070f600000| PB 0x000000070f600000| Untracked 
|  95|0x000000070f800000, 0x000000070f800000, 0x000000070fa00000|  0%| F|  |TAMS 0x000000070f800000| PB 0x000000070f800000| Untracked 
|  96|0x000000070fa00000, 0x000000070fa00000, 0x000000070fc00000|  0%| F|  |TAMS 0x000000070fa00000| PB 0x000000070fa00000| Untracked 
|  97|0x000000070fc00000, 0x000000070fc00000, 0x000000070fe00000|  0%| F|  |TAMS 0x000000070fc00000| PB 0x000000070fc00000| Untracked 
|  98|0x000000070fe00000, 0x000000070fe00000, 0x0000000710000000|  0%| F|  |TAMS 0x000000070fe00000| PB 0x000000070fe00000| Untracked 
|  99|0x0000000710000000, 0x0000000710000000, 0x0000000710200000|  0%| F|  |TAMS 0x0000000710000000| PB 0x0000000710000000| Untracked 
| 100|0x0000000710200000, 0x0000000710200000, 0x0000000710400000|  0%| F|  |TAMS 0x0000000710200000| PB 0x0000000710200000| Untracked 
| 101|0x0000000710400000, 0x0000000710400000, 0x0000000710600000|  0%| F|  |TAMS 0x0000000710400000| PB 0x0000000710400000| Untracked 
| 102|0x0000000710600000, 0x0000000710600000, 0x0000000710800000|  0%| F|  |TAMS 0x0000000710600000| PB 0x0000000710600000| Untracked 
| 103|0x0000000710800000, 0x0000000710800000, 0x0000000710a00000|  0%| F|  |TAMS 0x0000000710800000| PB 0x0000000710800000| Untracked 
| 104|0x0000000710a00000, 0x0000000710a00000, 0x0000000710c00000|  0%| F|  |TAMS 0x0000000710a00000| PB 0x0000000710a00000| Untracked 
| 105|0x0000000710c00000, 0x0000000710c00000, 0x0000000710e00000|  0%| F|  |TAMS 0x0000000710c00000| PB 0x0000000710c00000| Untracked 
| 106|0x0000000710e00000, 0x0000000710e00000, 0x0000000711000000|  0%| F|  |TAMS 0x0000000710e00000| PB 0x0000000710e00000| Untracked 
| 107|0x0000000711000000, 0x0000000711000000, 0x0000000711200000|  0%| F|  |TAMS 0x0000000711000000| PB 0x0000000711000000| Untracked 
| 108|0x0000000711200000, 0x0000000711200000, 0x0000000711400000|  0%| F|  |TAMS 0x0000000711200000| PB 0x0000000711200000| Untracked 
| 109|0x0000000711400000, 0x0000000711400000, 0x0000000711600000|  0%| F|  |TAMS 0x0000000711400000| PB 0x0000000711400000| Untracked 
| 110|0x0000000711600000, 0x0000000711600000, 0x0000000711800000|  0%| F|  |TAMS 0x0000000711600000| PB 0x0000000711600000| Untracked 
| 111|0x0000000711800000, 0x0000000711800000, 0x0000000711a00000|  0%| F|  |TAMS 0x0000000711800000| PB 0x0000000711800000| Untracked 
| 112|0x0000000711a00000, 0x0000000711a00000, 0x0000000711c00000|  0%| F|  |TAMS 0x0000000711a00000| PB 0x0000000711a00000| Untracked 
| 113|0x0000000711c00000, 0x0000000711c00000, 0x0000000711e00000|  0%| F|  |TAMS 0x0000000711c00000| PB 0x0000000711c00000| Untracked 
| 114|0x0000000711e00000, 0x0000000711ee1510, 0x0000000712000000| 44%| S|CS|TAMS 0x0000000711e00000| PB 0x0000000711e00000| Complete 
| 115|0x0000000712000000, 0x0000000712200000, 0x0000000712200000|100%| S|CS|TAMS 0x0000000712000000| PB 0x0000000712000000| Complete 
| 116|0x0000000712200000, 0x0000000712200000, 0x0000000712400000|  0%| F|  |TAMS 0x0000000712200000| PB 0x0000000712200000| Untracked 
| 117|0x0000000712400000, 0x00000007124c0408, 0x0000000712600000| 37%| E|  |TAMS 0x0000000712400000| PB 0x0000000712400000| Complete 
| 118|0x0000000712600000, 0x0000000712800000, 0x0000000712800000|100%| E|CS|TAMS 0x0000000712600000| PB 0x0000000712600000| Complete 
| 119|0x0000000712800000, 0x0000000712a00000, 0x0000000712a00000|100%| E|CS|TAMS 0x0000000712800000| PB 0x0000000712800000| Complete 
| 120|0x0000000712a00000, 0x0000000712c00000, 0x0000000712c00000|100%| E|CS|TAMS 0x0000000712a00000| PB 0x0000000712a00000| Complete 
| 121|0x0000000712c00000, 0x0000000712e00000, 0x0000000712e00000|100%| E|CS|TAMS 0x0000000712c00000| PB 0x0000000712c00000| Complete 
| 122|0x0000000712e00000, 0x0000000713000000, 0x0000000713000000|100%| E|CS|TAMS 0x0000000712e00000| PB 0x0000000712e00000| Complete 
| 123|0x0000000713000000, 0x0000000713200000, 0x0000000713200000|100%| E|CS|TAMS 0x0000000713000000| PB 0x0000000713000000| Complete 
| 124|0x0000000713200000, 0x0000000713400000, 0x0000000713400000|100%| E|CS|TAMS 0x0000000713200000| PB 0x0000000713200000| Complete 
| 125|0x0000000713400000, 0x0000000713600000, 0x0000000713600000|100%| E|CS|TAMS 0x0000000713400000| PB 0x0000000713400000| Complete 
| 126|0x0000000713600000, 0x0000000713800000, 0x0000000713800000|100%| E|CS|TAMS 0x0000000713600000| PB 0x0000000713600000| Complete 

Card table byte_map: [0x0000024d65bf0000,0x0000024d663e0000] _byte_map_base: 0x0000024d623d3000

Marking Bits: (CMBitMap*) 0x0000024d52a71f30
 Bits: [0x0000024d663e0000, 0x0000024d6a2f8000)

Polling page: 0x0000024d50830000

Metaspace:

Usage:
  Non-class:     17.85 MB used.
      Class:      2.07 MB used.
       Both:     19.92 MB used.

Virtual space:
  Non-class space:       64.00 MB reserved,      17.94 MB ( 28%) committed,  1 nodes.
      Class space:        1.00 GB reserved,       2.12 MB ( <1%) committed,  1 nodes.
             Both:        1.06 GB reserved,      20.06 MB (  2%) committed. 

Chunk freelists:
   Non-Class:  14.00 MB
       Class:  13.73 MB
        Both:  27.73 MB

MaxMetaspaceSize: unlimited
CompressedClassSpaceSize: 1.00 GB
Initial GC threshold: 21.00 MB
Current GC threshold: 21.00 MB
CDS: off
 - commit_granule_bytes: 65536.
 - commit_granule_words: 8192.
 - virtual_space_node_default_size: 8388608.
 - enlarge_chunks_in_place: 1.
 - use_allocation_guard: 0.


Internal statistics:

num_allocs_failed_limit: 0.
num_arena_births: 118.
num_arena_deaths: 0.
num_vsnodes_births: 2.
num_vsnodes_deaths: 0.
num_space_committed: 321.
num_space_uncommitted: 0.
num_chunks_returned_to_freelist: 0.
num_chunks_taken_from_freelist: 542.
num_chunk_merges: 0.
num_chunk_splits: 420.
num_chunks_enlarged: 362.
num_inconsistent_stats: 0.

CodeHeap 'non-profiled nmethods': size=119168Kb used=384Kb max_used=384Kb free=118783Kb
 bounds [0x0000024d5d710000, 0x0000024d5d980000, 0x0000024d64b70000]
CodeHeap 'profiled nmethods': size=119104Kb used=2181Kb max_used=2181Kb free=116922Kb
 bounds [0x0000024d55b70000, 0x0000024d55de0000, 0x0000024d5cfc0000]
CodeHeap 'non-nmethods': size=7488Kb used=1425Kb max_used=3088Kb free=6062Kb
 bounds [0x0000024d5cfc0000, 0x0000024d5d2d0000, 0x0000024d5d710000]
CodeCache: size=245760Kb, used=3990Kb, max_used=5653Kb, free=241767Kb
 total_blobs=1761, nmethods=1268, adapters=398, full_count=0
Compilation: enabled, stopped_count=0, restarted_count=0

Compilation events (20 events):
Event: 2.636 Thread 0x0000024d6ce35ce0 1259       3       jdk.internal.misc.CDS::isDumpingArchive (4 bytes)
Event: 2.636 Thread 0x0000024d6d5fa180 1258       1       java.lang.invoke.DirectMethodHandle::isCrackable (5 bytes)
Event: 2.636 Thread 0x0000024d6d5fa180 nmethod 1258 0x0000024d5d76d790 code [0x0000024d5d76d920, 0x0000024d5d76d9f0]
Event: 2.636 Thread 0x0000024d6ce35ce0 nmethod 1259 0x0000024d55d89b90 code [0x0000024d55d89d20, 0x0000024d55d89e10]
Event: 2.636 Thread 0x0000024d6d5fa180 1260       3       java.lang.invoke.TypeConvertingMethodAdapter::convertType (299 bytes)
Event: 2.638 Thread 0x0000024d6d5fa180 nmethod 1260 0x0000024d55d89e90 code [0x0000024d55d8a560, 0x0000024d55d8dfc0]
Event: 2.638 Thread 0x0000024d6ce35ce0 1262       3       java.util.LinkedHashMap$LinkedValueIterator::next (8 bytes)
Event: 2.638 Thread 0x0000024d6ce35ce0 nmethod 1262 0x0000024d55d8f410 code [0x0000024d55d8f5c0, 0x0000024d55d8f700]
Event: 2.638 Thread 0x0000024d6d5fa180 1263       3       jdk.internal.org.objectweb.asm.Frame::setLocal (65 bytes)
Event: 2.639 Thread 0x0000024d6d5fa180 nmethod 1263 0x0000024d55d8f810 code [0x0000024d55d8f9e0, 0x0000024d55d8fef8]
Event: 2.639 Thread 0x0000024d6ce35ce0 1264       3       java.lang.Class::forName (24 bytes)
Event: 2.639 Thread 0x0000024d6d5fa180 1265       3       java.lang.Class::forName (41 bytes)
Event: 2.639 Thread 0x0000024d6ce35ce0 nmethod 1264 0x0000024d55d90090 code [0x0000024d55d90260, 0x0000024d55d90468]
Event: 2.639 Thread 0x0000024d6d5fa180 nmethod 1265 0x0000024d55d90590 code [0x0000024d55d90740, 0x0000024d55d90938]
Event: 2.644 Thread 0x0000024d6d5f96e0 1266       4       jdk.internal.org.objectweb.asm.SymbolTable::addConstantUtf8 (98 bytes)
Event: 3.657 Thread 0x0000024d6d5f96e0 nmethod 1266 0x0000024d5d76df10 code [0x0000024d5d76e1c0, 0x0000024d5d76f6a0]
Event: 3.683 Thread 0x0000024d6d5f96e0 1267       4       java.util.zip.Inflater::ensureOpen (47 bytes)
Event: 3.684 Thread 0x0000024d6d5f96e0 nmethod 1267 0x0000024d5d770090 code [0x0000024d5d770220, 0x0000024d5d7702f0]
Event: 3.691 Thread 0x0000024d6d5fa180 1268       3       java.lang.invoke.DirectMethodHandle::shouldBeInitialized (117 bytes)
Event: 3.692 Thread 0x0000024d6d5fa180 nmethod 1268 0x0000024d55d90a10 code [0x0000024d55d90c60, 0x0000024d55d91410]

GC Heap History (2 events):
Event: 0.425 GC heap before
{Heap before GC invocations=0 (full 0):
 garbage-first heap   total 260096K, used 24576K [0x0000000703a00000, 0x0000000800000000)
  region size 2048K, 11 young (22528K), 0 survivors (0K)
 Metaspace       used 14344K, committed 14528K, reserved 1114112K
  class space    used 1436K, committed 1536K, reserved 1048576K
}
Event: 0.427 GC heap after
{Heap after GC invocations=1 (full 0):
 garbage-first heap   total 260096K, used 7045K [0x0000000703a00000, 0x0000000800000000)
  region size 2048K, 2 young (4096K), 2 survivors (4096K)
 Metaspace       used 14344K, committed 14528K, reserved 1114112K
  class space    used 1436K, committed 1536K, reserved 1048576K
}

Dll operation events (2 events):
Event: 0.005 Loaded shared library C:\Program Files\Android\Android Studio\jbr\bin\java.dll
Event: 0.009 Loaded shared library C:\Program Files\Android\Android Studio\jbr\bin\zip.dll

Deoptimization events (20 events):
Event: 1.517 Thread 0x0000024d50602920 Uncommon trap: trap_request=0xffffffc6 fr.pc=0x0000024d5d7510f4 relative=0x00000000000003f4
Event: 1.517 Thread 0x0000024d50602920 Uncommon trap: reason=bimorphic_or_optimized_type_check action=maybe_recompile pc=0x0000024d5d7510f4 method=java.util.concurrent.ConcurrentHashMap.get(Ljava/lang/Object;)Ljava/lang/Object; @ 149 c2
Event: 1.517 Thread 0x0000024d50602920 DEOPT PACKING pc=0x0000024d5d7510f4 sp=0x000000f5a66fdef0
Event: 1.517 Thread 0x0000024d50602920 DEOPT UNPACKING pc=0x0000024d5d017ba2 sp=0x000000f5a66fde70 mode 2
Event: 1.521 Thread 0x0000024d50602920 Uncommon trap: trap_request=0xffffffde fr.pc=0x0000024d5d75d6cc relative=0x000000000000012c
Event: 1.521 Thread 0x0000024d50602920 Uncommon trap: reason=class_check action=maybe_recompile pc=0x0000024d5d75d6cc method=jdk.internal.misc.Unsafe.allocateUninitializedArray(Ljava/lang/Class;I)Ljava/lang/Object; @ 51 c2
Event: 1.521 Thread 0x0000024d50602920 DEOPT PACKING pc=0x0000024d5d75d6cc sp=0x000000f5a66fa310
Event: 1.521 Thread 0x0000024d50602920 DEOPT UNPACKING pc=0x0000024d5d017ba2 sp=0x000000f5a66fa288 mode 2
Event: 1.521 Thread 0x0000024d50602920 Uncommon trap: trap_request=0xffffffde fr.pc=0x0000024d5d75d6cc relative=0x000000000000012c
Event: 1.521 Thread 0x0000024d50602920 Uncommon trap: reason=class_check action=maybe_recompile pc=0x0000024d5d75d6cc method=jdk.internal.misc.Unsafe.allocateUninitializedArray(Ljava/lang/Class;I)Ljava/lang/Object; @ 51 c2
Event: 1.521 Thread 0x0000024d50602920 DEOPT PACKING pc=0x0000024d5d75d6cc sp=0x000000f5a66fa3b0
Event: 1.521 Thread 0x0000024d50602920 DEOPT UNPACKING pc=0x0000024d5d017ba2 sp=0x000000f5a66fa328 mode 2
Event: 1.521 Thread 0x0000024d50602920 Uncommon trap: trap_request=0xffffffde fr.pc=0x0000024d5d75d6cc relative=0x000000000000012c
Event: 1.521 Thread 0x0000024d50602920 Uncommon trap: reason=class_check action=maybe_recompile pc=0x0000024d5d75d6cc method=jdk.internal.misc.Unsafe.allocateUninitializedArray(Ljava/lang/Class;I)Ljava/lang/Object; @ 51 c2
Event: 1.521 Thread 0x0000024d50602920 DEOPT PACKING pc=0x0000024d5d75d6cc sp=0x000000f5a66f9fc0
Event: 1.521 Thread 0x0000024d50602920 DEOPT UNPACKING pc=0x0000024d5d017ba2 sp=0x000000f5a66f9f38 mode 2
Event: 1.521 Thread 0x0000024d50602920 Uncommon trap: trap_request=0xffffffde fr.pc=0x0000024d5d75d6cc relative=0x000000000000012c
Event: 1.521 Thread 0x0000024d50602920 Uncommon trap: reason=class_check action=maybe_recompile pc=0x0000024d5d75d6cc method=jdk.internal.misc.Unsafe.allocateUninitializedArray(Ljava/lang/Class;I)Ljava/lang/Object; @ 51 c2
Event: 1.521 Thread 0x0000024d50602920 DEOPT PACKING pc=0x0000024d5d75d6cc sp=0x000000f5a66f9f80
Event: 1.521 Thread 0x0000024d50602920 DEOPT UNPACKING pc=0x0000024d5d017ba2 sp=0x000000f5a66f9ef8 mode 2

Classes loaded (20 events):
Event: 1.610 Loading class javax/xml/stream/Location
Event: 1.610 Loading class javax/xml/stream/Location done
Event: 1.610 Loading class java/io/CharConversionException
Event: 1.610 Loading class java/io/CharConversionException done
Event: 1.610 Loading class java/io/UnsupportedEncodingException
Event: 1.610 Loading class java/io/UnsupportedEncodingException done
Event: 1.611 Loading class javax/xml/namespace/NamespaceContext
Event: 1.611 Loading class javax/xml/namespace/NamespaceContext done
Event: 1.611 Loading class javax/xml/stream/XMLStreamConstants
Event: 1.611 Loading class javax/xml/stream/XMLStreamConstants done
Event: 1.614 Loading class javax/xml/stream/XMLStreamReader
Event: 1.614 Loading class javax/xml/stream/XMLStreamReader done
Event: 1.624 Loading class javax/swing/Icon
Event: 1.624 Loading class javax/swing/Icon done
Event: 1.624 Loading class sun/invoke/util/VerifyAccess$1
Event: 1.625 Loading class sun/invoke/util/VerifyAccess$1 done
Event: 2.641 Loading class java/util/concurrent/atomic/AtomicReferenceArray
Event: 2.641 Loading class java/util/concurrent/atomic/AtomicReferenceArray done
Event: 2.641 Loading class java/lang/invoke/VarHandleReferences$Array
Event: 2.641 Loading class java/lang/invoke/VarHandleReferences$Array done

Classes unloaded (0 events):
No events

Classes redefined (0 events):
No events

Internal exceptions (20 events):
Event: 0.240 Thread 0x0000024d50602920 Exception <a 'java/lang/NoSuchMethodError'{0x0000000712dddb88}: 'void java.lang.invoke.DirectMethodHandle$Holder.invokeSpecial(java.lang.Object, java.lang.Object, java.lang.Object)'> (0x0000000712dddb88) 
thrown [s\src\hotspot\share\interpreter\linkResolver.cpp, line 784]
Event: 0.315 Thread 0x0000024d50602920 Exception <a 'java/lang/NoSuchMethodError'{0x00000007128f9480}: 'java.lang.Object java.lang.invoke.DirectMethodHandle$Holder.newInvokeSpecial(java.lang.Object, java.lang.Object, java.lang.Object, java.lang.Object, java.lang.Object)'> (0x00000007128f9480) 
thrown [s\src\hotspot\share\interpreter\linkResolver.cpp, line 784]
Event: 0.369 Thread 0x0000024d50602920 Exception <a 'java/lang/NoSuchMethodError'{0x0000000712483b00}: 'java.lang.Object java.lang.invoke.DirectMethodHandle$Holder.invokeStaticInit(java.lang.Object, java.lang.Object, java.lang.Object, java.lang.Object, java.lang.Object)'> (0x0000000712483b00) 
thrown [s\src\hotspot\share\interpreter\linkResolver.cpp, line 784]
Event: 0.370 Thread 0x0000024d50602920 Exception <a 'java/lang/NoSuchMethodError'{0x000000071248d040}: 'java.lang.Object java.lang.invoke.DirectMethodHandle$Holder.invokeStaticInit(java.lang.Object, java.lang.Object, java.lang.Object, java.lang.Object, java.lang.Object, java.lang.Object)'> (0x000000071248d040) 
thrown [s\src\hotspot\share\interpreter\linkResolver.cpp, line 784]
Event: 0.430 Thread 0x0000024d50602920 Exception <a 'sun/nio/fs/WindowsException'{0x000000071361e810}> (0x000000071361e810) 
thrown [s\src\hotspot\share\prims\jni.cpp, line 537]
Event: 0.430 Thread 0x0000024d50602920 Exception <a 'sun/nio/fs/WindowsException'{0x000000071361f480}> (0x000000071361f480) 
thrown [s\src\hotspot\share\prims\jni.cpp, line 537]
Event: 0.430 Thread 0x0000024d50602920 Exception <a 'sun/nio/fs/WindowsException'{0x000000071361fcb0}> (0x000000071361fcb0) 
thrown [s\src\hotspot\share\prims\jni.cpp, line 537]
Event: 0.430 Thread 0x0000024d50602920 Exception <a 'sun/nio/fs/WindowsException'{0x00000007136204b8}> (0x00000007136204b8) 
thrown [s\src\hotspot\share\prims\jni.cpp, line 537]
Event: 1.514 Thread 0x0000024d50602920 Exception <a 'java/lang/NoSuchMethodError'{0x000000071306b6f8}: 'long java.lang.invoke.DirectMethodHandle$Holder.invokeStatic(java.lang.Object)'> (0x000000071306b6f8) 
thrown [s\src\hotspot\share\interpreter\linkResolver.cpp, line 784]
Event: 1.515 Thread 0x0000024d50602920 Exception <a 'java/lang/NoSuchMethodError'{0x000000071306ebf0}: 'long java.lang.invoke.DirectMethodHandle$Holder.invokeStaticInit(java.lang.Object)'> (0x000000071306ebf0) 
thrown [s\src\hotspot\share\interpreter\linkResolver.cpp, line 784]
Event: 1.552 Thread 0x0000024d50602920 Exception <a 'java/lang/NoSuchMethodError'{0x0000000712fd95d8}: 'long java.lang.invoke.Invokers$Holder.invoke_MT(java.lang.Object, java.lang.Object, java.lang.Object, java.lang.Object)'> (0x0000000712fd95d8) 
thrown [s\src\hotspot\share\interpreter\linkResolver.cpp, line 784]
Event: 1.553 Thread 0x0000024d50602920 Exception <a 'java/lang/NoSuchMethodError'{0x0000000712fe1b60}: 'int java.lang.invoke.DirectMethodHandle$Holder.invokeSpecial(java.lang.Object, java.lang.Object, java.lang.Object, java.lang.Object)'> (0x0000000712fe1b60) 
thrown [s\src\hotspot\share\interpreter\linkResolver.cpp, line 784]
Event: 1.553 Thread 0x0000024d50602920 Exception <a 'java/lang/NoSuchMethodError'{0x0000000712fe5408}: 'int java.lang.invoke.Invokers$Holder.invoke_MT(java.lang.Object, java.lang.Object, java.lang.Object, java.lang.Object)'> (0x0000000712fe5408) 
thrown [s\src\hotspot\share\interpreter\linkResolver.cpp, line 784]
Event: 1.554 Thread 0x0000024d50602920 Exception <a 'java/lang/NoSuchMethodError'{0x0000000712ff4160}: 'void java.lang.invoke.DelegatingMethodHandle$Holder.reinvoke_L(java.lang.Object, java.lang.Object, java.lang.Object, long, java.lang.Object)'> (0x0000000712ff4160) 
thrown [s\src\hotspot\share\interpreter\linkResolver.cpp, line 784]
Event: 1.554 Thread 0x0000024d50602920 Exception <a 'java/lang/NoSuchMethodError'{0x0000000712ffba58}: 'java.lang.Object java.lang.invoke.DirectMethodHandle$Holder.invokeSpecial(java.lang.Object, java.lang.Object, java.lang.Object, java.lang.Object, long)'> (0x0000000712ffba58) 
thrown [s\src\hotspot\share\interpreter\linkResolver.cpp, line 784]
Event: 1.555 Thread 0x0000024d50602920 Exception <a 'java/lang/NoSuchMethodError'{0x0000000712c0ac48}: 'int java.lang.invoke.DelegatingMethodHandle$Holder.reinvoke_L(java.lang.Object, java.lang.Object, java.lang.Object, long, java.lang.Object, java.lang.Object)'> (0x0000000712c0ac48) 
thrown [s\src\hotspot\share\interpreter\linkResolver.cpp, line 784]
Event: 1.555 Thread 0x0000024d50602920 Exception <a 'java/lang/NoSuchMethodError'{0x0000000712c19040}: 'int java.lang.invoke.DelegatingMethodHandle$Holder.reinvoke_L(java.lang.Object, java.lang.Object, java.lang.Object, long, int, int)'> (0x0000000712c19040) 
thrown [s\src\hotspot\share\interpreter\linkResolver.cpp, line 784]
Event: 1.556 Thread 0x0000024d50602920 Exception <a 'java/lang/NoSuchMethodError'{0x0000000712c271e8}: 'int java.lang.invoke.DelegatingMethodHandle$Holder.reinvoke_L(java.lang.Object, java.lang.Object, java.lang.Object, long, long, long)'> (0x0000000712c271e8) 
thrown [s\src\hotspot\share\interpreter\linkResolver.cpp, line 784]
Event: 1.556 Thread 0x0000024d50602920 Exception <a 'java/lang/NoSuchMethodError'{0x0000000712c35010}: 'int java.lang.invoke.DelegatingMethodHandle$Holder.reinvoke_L(java.lang.Object, java.lang.Object, java.lang.Object, long, int)'> (0x0000000712c35010) 
thrown [s\src\hotspot\share\interpreter\linkResolver.cpp, line 784]
Event: 1.622 Thread 0x0000024d50602920 Exception <a 'java/lang/NoSuchMethodError'{0x00000007128cbcc8}: 'void java.lang.invoke.DirectMethodHandle$Holder.invokeStatic(java.lang.Object, java.lang.Object, java.lang.Object, java.lang.Object)'> (0x00000007128cbcc8) 
thrown [s\src\hotspot\share\interpreter\linkResolver.cpp, line 784]

ZGC Phase Switch (0 events):
No events

VM Operations (10 events):
Event: 0.092 Executing non-safepoint VM operation: HandshakeAllThreads (Deoptimize)
Event: 0.092 Executing non-safepoint VM operation: HandshakeAllThreads (Deoptimize) done
Event: 0.295 Executing non-safepoint VM operation: HandshakeAllThreads (Deoptimize)
Event: 0.295 Executing non-safepoint VM operation: HandshakeAllThreads (Deoptimize) done
Event: 0.425 Executing safepoint VM operation: G1CollectForAllocation (G1 Evacuation Pause)
Event: 0.427 Executing safepoint VM operation: G1CollectForAllocation (G1 Evacuation Pause) done
Event: 2.427 Executing safepoint VM operation: Cleanup
Event: 2.636 Executing safepoint VM operation: Cleanup done
Event: 3.637 Executing safepoint VM operation: Cleanup
Event: 3.637 Executing safepoint VM operation: Cleanup done

Memory protections (0 events):
No events

Nmethod flushes (0 events):
No events

Events (20 events):
Event: 0.040 Thread 0x0000024d50602920 Thread added: 0x0000024d6d5ef0c0
Event: 0.040 Thread 0x0000024d50602920 Thread added: 0x0000024d6d5f1190
Event: 0.040 Thread 0x0000024d50602920 Thread added: 0x0000024d6d5f1820
Event: 0.040 Thread 0x0000024d50602920 Thread added: 0x0000024d6d5f96e0
Event: 0.040 Thread 0x0000024d50602920 Thread added: 0x0000024d6d5fa180
Event: 0.061 Thread 0x0000024d6d5fa180 Thread added: 0x0000024d6ce35ce0
Event: 0.065 Thread 0x0000024d50602920 Thread added: 0x0000024d6d5eea30
Event: 0.072 Loaded shared library C:\Program Files\Android\Android Studio\jbr\bin\net.dll
Event: 0.073 Loaded shared library C:\Program Files\Android\Android Studio\jbr\bin\nio.dll
Event: 0.084 Thread 0x0000024d6d5f96e0 Thread added: 0x0000024d6d85acb0
Event: 0.085 Thread 0x0000024d6d5f96e0 Thread added: 0x0000024d6d859980
Event: 0.090 Loaded shared library C:\Program Files\Android\Android Studio\jbr\bin\zip.dll
Event: 0.112 Loaded shared library C:\Program Files\Android\Android Studio\jbr\bin\jimage.dll
Event: 0.186 Thread 0x0000024d6ce35ce0 Thread added: 0x0000024d721cfcc0
Event: 0.309 Thread 0x0000024d721cfcc0 Thread added: 0x0000024d724832f0
Event: 1.433 Thread 0x0000024d6d85acb0 Thread exited: 0x0000024d6d85acb0
Event: 1.433 Thread 0x0000024d724832f0 Thread exited: 0x0000024d724832f0
Event: 1.433 Thread 0x0000024d6d859980 Thread exited: 0x0000024d6d859980
Event: 2.636 Thread 0x0000024d721cfcc0 Thread exited: 0x0000024d721cfcc0
Event: 3.683 Thread 0x0000024d6ce35ce0 Thread exited: 0x0000024d6ce35ce0


Dynamic libraries:
0x00007ff7dc0e0000 - 0x00007ff7dc0ea000 	C:\Program Files\Android\Android Studio\jbr\bin\java.exe
0x00007ffece3c0000 - 0x00007ffece627000 	C:\WINDOWS\SYSTEM32\ntdll.dll
0x00007ffecd8e0000 - 0x00007ffecd9a9000 	C:\WINDOWS\System32\KERNEL32.DLL
0x00007ffecbc90000 - 0x00007ffecc087000 	C:\WINDOWS\System32\KERNELBASE.dll
0x00007ffecba80000 - 0x00007ffecbbcb000 	C:\WINDOWS\System32\ucrtbase.dll
0x00007ffeace20000 - 0x00007ffeace38000 	C:\Program Files\Android\Android Studio\jbr\bin\jli.dll
0x00007ffec8190000 - 0x00007ffec81ab000 	C:\Program Files\Android\Android Studio\jbr\bin\VCRUNTIME140.dll
0x00007ffecd0b0000 - 0x00007ffecd276000 	C:\WINDOWS\System32\USER32.dll
0x00007ffeb1740000 - 0x00007ffeb19d2000 	C:\WINDOWS\WinSxS\amd64_microsoft.windows.common-controls_6595b64144ccf1df_6.0.26100.8328_none_3e08182ce334b678\COMCTL32.dll
0x00007ffecadf0000 - 0x00007ffecae17000 	C:\WINDOWS\System32\win32u.dll
0x00007ffecc680000 - 0x00007ffecc729000 	C:\WINDOWS\System32\msvcrt.dll
0x00007ffecc730000 - 0x00007ffecc75b000 	C:\WINDOWS\System32\GDI32.dll
0x00007ffecafa0000 - 0x00007ffecb0cc000 	C:\WINDOWS\System32\gdi32full.dll
0x00007ffecb9d0000 - 0x00007ffecba73000 	C:\WINDOWS\System32\msvcp_win.dll
0x00007ffecdad0000 - 0x00007ffecdb02000 	C:\WINDOWS\System32\IMM32.DLL
0x00007ffec63c0000 - 0x00007ffec63cc000 	C:\Program Files\Android\Android Studio\jbr\bin\vcruntime140_1.dll
0x00007ffe76e70000 - 0x00007ffe76efd000 	C:\Program Files\Android\Android Studio\jbr\bin\msvcp140.dll
0x00007ffe06a20000 - 0x00007ffe076b6000 	C:\Program Files\Android\Android Studio\jbr\bin\server\jvm.dll
0x00007ffecc140000 - 0x00007ffecc1f6000 	C:\WINDOWS\System32\ADVAPI32.dll
0x00007ffecd9b0000 - 0x00007ffecda57000 	C:\WINDOWS\System32\sechost.dll
0x00007ffecd280000 - 0x00007ffecd398000 	C:\WINDOWS\System32\RPCRT4.dll
0x00007ffecd830000 - 0x00007ffecd8b0000 	C:\WINDOWS\System32\WS2_32.dll
0x00007ffeca7e0000 - 0x00007ffeca83e000 	C:\WINDOWS\SYSTEM32\POWRPROF.dll
0x00007ffec1650000 - 0x00007ffec165b000 	C:\WINDOWS\SYSTEM32\VERSION.dll
0x00007ffebef10000 - 0x00007ffebef46000 	C:\WINDOWS\SYSTEM32\WINMM.dll
0x00007ffeca6c0000 - 0x00007ffeca6d4000 	C:\WINDOWS\SYSTEM32\UMPDC.dll
0x00007ffec9b40000 - 0x00007ffec9b5b000 	C:\WINDOWS\SYSTEM32\kernel.appcore.dll
0x00007ffec6090000 - 0x00007ffec609a000 	C:\Program Files\Android\Android Studio\jbr\bin\jimage.dll
0x00007ffec8c30000 - 0x00007ffec8e72000 	C:\WINDOWS\SYSTEM32\DBGHELP.DLL
0x00007ffecde90000 - 0x00007ffece213000 	C:\WINDOWS\System32\combase.dll
0x00007ffecc4a0000 - 0x00007ffecc579000 	C:\WINDOWS\System32\OLEAUT32.dll
0x00007ffeba820000 - 0x00007ffeba85b000 	C:\WINDOWS\SYSTEM32\dbgcore.DLL
0x00007ffecc090000 - 0x00007ffecc138000 	C:\WINDOWS\System32\bcryptPrimitives.dll
0x00007ffec3fb0000 - 0x00007ffec3fd0000 	C:\Program Files\Android\Android Studio\jbr\bin\java.dll
0x00007ffec3f90000 - 0x00007ffec3fa8000 	C:\Program Files\Android\Android Studio\jbr\bin\zip.dll
0x00007ffecc7d0000 - 0x00007ffeccf3e000 	C:\WINDOWS\System32\SHELL32.dll
0x00007ffecb0d0000 - 0x00007ffecb93c000 	C:\WINDOWS\System32\windows.storage.dll
0x00007ffecc280000 - 0x00007ffecc376000 	C:\WINDOWS\System32\SHCORE.dll
0x00007ffecda60000 - 0x00007ffecdac6000 	C:\WINDOWS\System32\shlwapi.dll
0x00007ffecad10000 - 0x00007ffecad39000 	C:\WINDOWS\SYSTEM32\profapi.dll
0x00007ffec6080000 - 0x00007ffec6090000 	C:\Program Files\Android\Android Studio\jbr\bin\net.dll
0x00007ffec4310000 - 0x00007ffec4439000 	C:\WINDOWS\SYSTEM32\WINHTTP.dll
0x00007ffeca090000 - 0x00007ffeca0fc000 	C:\WINDOWS\system32\mswsock.dll
0x00007ffec3f70000 - 0x00007ffec3f86000 	C:\Program Files\Android\Android Studio\jbr\bin\nio.dll

JVMTI agents: none

dbghelp: loaded successfully - version: 4.0.5 - missing functions: none
symbol engine: initialized successfully - sym options: 0x614 - pdb path: .;C:\Program Files\Android\Android Studio\jbr\bin;C:\WINDOWS\SYSTEM32;C:\WINDOWS\WinSxS\amd64_microsoft.windows.common-controls_6595b64144ccf1df_6.0.26100.8328_none_3e08182ce334b678;C:\Program Files\Android\Android Studio\jbr\bin\server

VM Arguments:
java_command: org.jetbrains.kotlin.cli.jvm.K2JVMCompiler @C:\Users\sabda\AndroidStudioProjects\NewsApp\app\build\20260506_5698451576951605103.compiler.options
java_class_path (initial): C:\Users\sabda\.gradle\caches\modules-2\files-2.1\org.jetbrains.kotlin\kotlin-compiler-embeddable\2.0.0\1de310de3446414381282ffc46c3ed3919a4d1da\kotlin-compiler-embeddable-2.0.0.jar;C:\Users\sabda\.gradle\caches\modules-2\files-2.1\org.jetbrains.kotlin\kotlin-stdlib\2.0.0\b48df2c4aede9586cc931ead433bc02d6fd7879e\kotlin-stdlib-2.0.0.jar;C:\Users\sabda\.gradle\caches\modules-2\files-2.1\org.jetbrains.kotlin\kotlin-script-runtime\2.0.0\fdc27dd047d592fa41d2dfa21e7621287a361612\kotlin-script-runtime-2.0.0.jar;C:\Users\sabda\.gradle\caches\modules-2\files-2.1\org.jetbrains.kotlin\kotlin-reflect\1.6.10\1cbe9c92c12a94eea200d23c2bbaedaf3daf5132\kotlin-reflect-1.6.10.jar;C:\Users\sabda\.gradle\caches\modules-2\files-2.1\org.jetbrains.kotlin\kotlin-daemon-embeddable\2.0.0\b39c612768614c4428c96ee9c65477181fffe9d\kotlin-daemon-embeddable-2.0.0.jar;C:\Users\sabda\.gradle\caches\modules-2\files-2.1\org.jetbrains.intellij.deps\trove4j\1.0.20200330\3afb14d5f9ceb459d724e907a21145e8ff394f02\trove4j-1.0.20200330.jar;C:\Users\sabda\.gradle\caches\modules-2\files-2.1\org.jetbrains\annotations\13.0\919f0dfe192fb4e063e7dacadee7f8bb9a2672a9\annotations-13.0.jar
Launcher Type: SUN_STANDARD

[Global flags]
     intx CICompilerCount                          = 12                                        {product} {ergonomic}
     uint ConcGCThreads                            = 3                                         {product} {ergonomic}
     uint G1ConcRefinementThreads                  = 13                                        {product} {ergonomic}
   size_t G1HeapRegionSize                         = 2097152                                   {product} {ergonomic}
    uintx GCDrainStackTargetSize                   = 64                                        {product} {ergonomic}
   size_t InitialHeapSize                          = 266338304                                 {product} {ergonomic}
   size_t MarkStackSize                            = 4194304                                   {product} {ergonomic}
   size_t MaxHeapSize                              = 4234149888                                {product} {ergonomic}
   size_t MaxNewSize                               = 2539651072                                {product} {ergonomic}
   size_t MinHeapDeltaBytes                        = 2097152                                   {product} {ergonomic}
   size_t MinHeapSize                              = 8388608                                   {product} {ergonomic}
    uintx NonNMethodCodeHeapSize                   = 7602480                                {pd product} {ergonomic}
    uintx NonProfiledCodeHeapSize                  = 122027880                              {pd product} {ergonomic}
    uintx ProfiledCodeHeapSize                     = 122027880                              {pd product} {ergonomic}
    uintx ReservedCodeCacheSize                    = 251658240                              {pd product} {ergonomic}
     bool SegmentedCodeCache                       = true                                      {product} {ergonomic}
   size_t SoftMaxHeapSize                          = 4234149888                             {manageable} {ergonomic}
     bool UseCompressedOops                        = true                           {product lp64_product} {ergonomic}
     bool UseG1GC                                  = true                                      {product} {ergonomic}
     bool UseLargePagesIndividualAllocation        = false                                  {pd product} {ergonomic}

Logging:
Log output configuration:
 #0: stdout all=warning uptime,level,tags foldmultilines=false
 #1: stderr all=off uptime,level,tags foldmultilines=false

Release file:
JAVA_VERSION="21.0.10" 
MODULES="java.base java.compiler java.datatransfer java.xml java.prefs java.desktop java.instrument java.logging java.management java.security.sasl java.naming java.rmi java.management.rmi java.net.http java.scripting java.security.jgss java.transaction.xa java.sql java.sql.rowset java.xml.crypto java.se java.smartcardio jdk.accessibility jdk.internal.jvmstat jdk.attach jdk.charsets jdk.internal.opt jdk.zipfs jdk.compiler jdk.crypto.ec jdk.crypto.cryptoki jdk.dynalink jdk.hotspot.agent jdk.httpserver jdk.internal.ed jdk.internal.le jdk.internal.vm.ci jdk.jartool jdk.javadoc jdk.jcmd jdk.jdeps jdk.jdwp.agent jdk.jdi jdk.jfr jdk.jlink jdk.jsobject jdk.localedata jdk.management jdk.management.agent jdk.management.jfr jdk.naming.dns jdk.naming.rmi jdk.net jdk.sctp jdk.security.auth jdk.security.jgss jdk.unsupported jdk.unsupported.desktop jdk.xml.dom" 
IMPLEMENTOR="JetBrains s.r.o." 
JAVA_RUNTIME_VERSION="21.0.10+-14961533-b1163.108" 
LIBC="default" 
OS_ARCH="x86_64" 
OS_NAME="Windows" 
SOURCE=".:git:1351622c2ff2" 

Environment Variables:
JAVA_HOME=C:\Program Files\Java\jdk-19
PATH=C:\Program Files\Common Files\Oracle\Java\javapath;C:\Windows\system32;C:\Windows;C:\Windows\System32\Wbem;C:\Windows\System32\WindowsPowerShell\v1.0\;C:\Windows\System32\OpenSSH\;C:\Program Files (x86)\Microsoft SQL Server\160\Tools\Binn\;C:\Program Files\Microsoft SQL Server\160\Tools\Binn\;C:\Program Files\Microsoft SQL Server\Client SDK\ODBC\170\Tools\Binn\;C:\Program Files\Microsoft SQL Server\160\DTS\Binn\;C:\Program Files (x86)\NVIDIA Corporation\PhysX\Common;C:\Users\sabda\AppData\Local\Android\Sdk\tools\bin;C:\flutter\bin;C:\dart-sdk\bin;C:\Program Files\nodejs\;C:\Program Files\Git\cmd;C:\Program Files\dotnet\;C:\WINDOWS\system32;C:\WINDOWS;C:\WINDOWS\System32\Wbem;C:\WINDOWS\System32\WindowsPowerShell\v1.0\;C:\WINDOWS\System32\OpenSSH\;C:\Program Files\NVIDIA Corporation\NVIDIA App\NvDLISR;C:\Users\sabda\AppData\Local\Programs\Python\Python312\Scripts\;C:\Users\sabda\AppData\Local\Programs\Python\Python312\;C:\Users\sabda\AppData\Local\Microsoft\WindowsApps;C:\Program Files\Azure Data Studio\bin;C:\dart-sdk\bin;C:\flutter\bin;C:\Program Files\Java\jdk-19\bin;C:\Users\sabda\AppData\Roaming\npm;
USERNAME=sabda
OS=Windows_NT
PROCESSOR_IDENTIFIER=Intel64 Family 6 Model 141 Stepping 1, GenuineIntel
TMP=C:\Users\sabda\AppData\Local\Temp
TEMP=C:\Users\sabda\AppData\Local\Temp




Periodic native trim disabled

JNI global refs:
JNI global refs: 16, weak refs: 0

JNI global refs memory usage: 835, weak refs: 201

Process memory usage:
Resident Set Size: 93344K (0% of 16538936K total physical memory with 1255000K free physical memory)

OOME stack traces (most recent first):
Classloader memory used:
Loader jdk.internal.loader.ClassLoaders$AppClassLoader                                 : 10483K
Loader bootstrap                                                                       : 9862K
Loader java.net.URLClassLoader                                                         : 52920B

---------------  S Y S T E M  ---------------

OS:
 Windows 11 , 64 bit Build 26100 (10.0.26100.8328)
OS uptime: 0 days 3:19 hours
Hyper-V role detected

CPU: total 16 (initial active 16) (8 cores per cpu, 2 threads per core) family 6 model 141 stepping 1 microcode 0x50, cx8, cmov, fxsr, ht, mmx, 3dnowpref, sse, sse2, sse3, ssse3, sse4.1, sse4.2, popcnt, lzcnt, tsc, tscinvbit, avx, avx2, aes, erms, clmul, bmi1, bmi2, adx, avx512f, avx512dq, avx512cd, avx512bw, avx512vl, sha, fma, vzeroupper, avx512_vpopcntdq, avx512_vpclmulqdq, avx512_vaes, avx512_vnni, clflush, clflushopt, clwb, avx512_vbmi2, avx512_vbmi, hv, rdtscp, rdpid, fsrm, gfni, avx512_bitalg, f16c, cet_ibt, cet_ss, avx512_ifma
Processor Information for the first 16 processors :
  Max Mhz: 2304, Current Mhz: 2304, Mhz Limit: 2304

Memory: 4k page, system-wide physical 16151M (1225M free)
TotalPageFile size 20247M (AvailPageFile size 5M)
current process WorkingSet (physical memory assigned to process): 91M, peak: 94M
current process commit charge ("private bytes"): 368M, peak: 371M

vm_info: OpenJDK 64-Bit Server VM (21.0.10+-14961533-b1163.108) for windows-amd64 JRE (21.0.10+-14961533-b1163.108), built on 2026-03-02T19:58:50Z by "builder" with MS VC++ 16.10 / 16.11 (VS2019)

END.
