#
# There is insufficient memory for the Java Runtime Environment to continue.
# Native memory allocation (mmap) failed to map 16777216 bytes. Error detail: G1 virtual space
# Possible reasons:
#   The system is out of physical RAM or swap space
#   This process is running with CompressedOops enabled, and the Java Heap may be blocking the growth of the native heap
# Possible solutions:
#   Reduce memory load on the system
#   Increase physical memory or swap space
#   Check if swap backing store is full
#   Decrease Java heap size (-Xmx/-Xms)
#   Decrease number of Java threads
#   Decrease Java thread stack sizes (-Xss)
#   Set larger code cache with -XX:ReservedCodeCacheSize=
#   JVM is running with Zero Based Compressed Oops mode in which the Java heap is
#     placed in the first 32GB address space. The Java Heap base address is the
#     maximum limit for the native heap growth. Please use -XX:HeapBaseMinAddress
#     to set the Java Heap base and to place the Java Heap above 32GB virtual address.
# This output file may be truncated or incomplete.
#
#  Out of Memory Error (os_windows.cpp:3926), pid=25268, tid=3276
#
# JRE version: OpenJDK Runtime Environment (21.0.10) (build 21.0.10+-14961533-b1163.108)
# Java VM: OpenJDK 64-Bit Server VM (21.0.10+-14961533-b1163.108, mixed mode, tiered, compressed oops, compressed class ptrs, g1 gc, windows-amd64)
# No core dump will be written. Minidumps are not enabled by default on client versions of Windows
#

---------------  S U M M A R Y ------------

Command Line: org.jetbrains.kotlin.cli.jvm.K2JVMCompiler @C:\Users\sabda\AndroidStudioProjects\NewsApp\app\build\20260506_18151152540927749721.compiler.options

Host: 11th Gen Intel(R) Core(TM) i7-11800H @ 2.30GHz, 16 cores, 15G,  Windows 11 , 64 bit Build 26100 (10.0.26100.8328)
Time: Wed May  6 15:20:40 2026 Egypt Daylight Time elapsed time: 6.117612 seconds (0d 0h 0m 6s)

---------------  T H R E A D  ---------------

Current thread (0x000001db97340ce0):  VMThread "VM Thread"          [id=3276, stack(0x000000c9e1800000,0x000000c9e1900000) (1024K)]

Stack: [0x000000c9e1800000,0x000000c9e1900000]
Native frames: (J=compiled Java code, j=interpreted, Vv=VM code, C=native code)
V  [jvm.dll+0x6d78a9]
V  [jvm.dll+0x8665b3]
V  [jvm.dll+0x868bde]
V  [jvm.dll+0x8692c3]
V  [jvm.dll+0x280ee6]
V  [jvm.dll+0x6d4165]
V  [jvm.dll+0x6c77fa]
V  [jvm.dll+0x358f4b]
V  [jvm.dll+0x360bc6]
V  [jvm.dll+0x3b2ea6]
V  [jvm.dll+0x3b3178]
V  [jvm.dll+0x32b65c]
V  [jvm.dll+0x32b6e7]
V  [jvm.dll+0x3715cc]
V  [jvm.dll+0x36fd7e]
V  [jvm.dll+0x32adb1]
V  [jvm.dll+0x36f480]
V  [jvm.dll+0x86f048]
V  [jvm.dll+0x870394]
V  [jvm.dll+0x8708d0]
V  [jvm.dll+0x870b63]
V  [jvm.dll+0x80fd28]
V  [jvm.dll+0x6d60fd]
C  [ucrtbase.dll+0x37b0]
C  [KERNEL32.DLL+0x2e957]
C  [ntdll.dll+0x427c]

VM_Operation (0x000000c9e11faaa0): G1CollectForAllocation, mode: safepoint, requested by thread 0x000001dbfa492190


---------------  P R O C E S S  ---------------

Threads class SMR info:
_java_thread_list=0x000001db9c881e30, length=17, elements={
0x000001dbfa492190, 0x000001db9737e170, 0x000001db973904a0, 0x000001db9738ef60,
0x000001db973a1760, 0x000001db973a21c0, 0x000001db973a2c20, 0x000001db973a3680,
0x000001db973a4540, 0x000001db973a6b70, 0x000001db973a5700, 0x000001db97572c00,
0x000001db973a64a0, 0x000001db973a7240, 0x000001db973a5030, 0x000001db973a7910,
0x000001db973a86b0
}

Java Threads: ( => current thread )
  0x000001dbfa492190 JavaThread "main"                              [_thread_blocked, id=25868, stack(0x000000c9e1100000,0x000000c9e1200000) (1024K)]
  0x000001db9737e170 JavaThread "Common-Cleaner"             daemon [_thread_blocked, id=21448, stack(0x000000c9e1900000,0x000000c9e1a00000) (1024K)]
  0x000001db973904a0 JavaThread "Reference Handler"          daemon [_thread_blocked, id=11492, stack(0x000000c9e1a00000,0x000000c9e1b00000) (1024K)]
  0x000001db9738ef60 JavaThread "Finalizer"                  daemon [_thread_blocked, id=25040, stack(0x000000c9e1b00000,0x000000c9e1c00000) (1024K)]
  0x000001db973a1760 JavaThread "Signal Dispatcher"          daemon [_thread_blocked, id=4384, stack(0x000000c9e1c00000,0x000000c9e1d00000) (1024K)]
  0x000001db973a21c0 JavaThread "Attach Listener"            daemon [_thread_blocked, id=14660, stack(0x000000c9e1d00000,0x000000c9e1e00000) (1024K)]
  0x000001db973a2c20 JavaThread "Service Thread"             daemon [_thread_blocked, id=15980, stack(0x000000c9e1e00000,0x000000c9e1f00000) (1024K)]
  0x000001db973a3680 JavaThread "Monitor Deflation Thread"   daemon [_thread_blocked, id=18384, stack(0x000000c9e1f00000,0x000000c9e2000000) (1024K)]
  0x000001db973a4540 JavaThread "C2 CompilerThread0"         daemon [_thread_blocked, id=23420, stack(0x000000c9e2000000,0x000000c9e2100000) (1024K)]
  0x000001db973a6b70 JavaThread "C1 CompilerThread0"         daemon [_thread_blocked, id=2352, stack(0x000000c9e2100000,0x000000c9e2200000) (1024K)]
  0x000001db973a5700 JavaThread "C1 CompilerThread1"         daemon [_thread_blocked, id=4540, stack(0x000000c9e2200000,0x000000c9e2300000) (1024K)]
  0x000001db97572c00 JavaThread "Notification Thread"        daemon [_thread_blocked, id=2220, stack(0x000000c9e2300000,0x000000c9e2400000) (1024K)]
  0x000001db973a64a0 JavaThread "C2 CompilerThread1"         daemon [_thread_blocked, id=15876, stack(0x000000c9e2400000,0x000000c9e2500000) (1024K)]
  0x000001db973a7240 JavaThread "C2 CompilerThread2"         daemon [_thread_blocked, id=3724, stack(0x000000c9e2500000,0x000000c9e2600000) (1024K)]
  0x000001db973a5030 JavaThread "C1 CompilerThread2"         daemon [_thread_blocked, id=26204, stack(0x000000c9e2600000,0x000000c9e2700000) (1024K)]
  0x000001db973a7910 JavaThread "C1 CompilerThread3"         daemon [_thread_blocked, id=22416, stack(0x000000c9e2700000,0x000000c9e2800000) (1024K)]
  0x000001db973a86b0 JavaThread "C2 CompilerThread3"         daemon [_thread_blocked, id=13916, stack(0x000000c9e3100000,0x000000c9e3200000) (1024K)]
Total: 17

Other Threads:
=>0x000001db97340ce0 VMThread "VM Thread"                           [id=3276, stack(0x000000c9e1800000,0x000000c9e1900000) (1024K)]
  0x000001db965c3ab0 WatcherThread "VM Periodic Task Thread"        [id=25516, stack(0x000000c9e1700000,0x000000c9e1800000) (1024K)]
  0x000001dbfc7cff90 WorkerThread "GC Thread#0"                     [id=6952, stack(0x000000c9e1200000,0x000000c9e1300000) (1024K)]
  0x000001db97ca7dd0 WorkerThread "GC Thread#1"                     [id=20132, stack(0x000000c9e2800000,0x000000c9e2900000) (1024K)]
  0x000001db97ca8180 WorkerThread "GC Thread#2"                     [id=24420, stack(0x000000c9e2900000,0x000000c9e2a00000) (1024K)]
  0x000001db97ca8530 WorkerThread "GC Thread#3"                     [id=10552, stack(0x000000c9e2a00000,0x000000c9e2b00000) (1024K)]
  0x000001db97ca88e0 WorkerThread "GC Thread#4"                     [id=4864, stack(0x000000c9e2b00000,0x000000c9e2c00000) (1024K)]
  0x000001db97cb53b0 WorkerThread "GC Thread#5"                     [id=24248, stack(0x000000c9e2c00000,0x000000c9e2d00000) (1024K)]
  0x000001db9c451050 WorkerThread "GC Thread#6"                     [id=3720, stack(0x000000c9e2d00000,0x000000c9e2e00000) (1024K)]
  0x000001db9c451400 WorkerThread "GC Thread#7"                     [id=25840, stack(0x000000c9e2e00000,0x000000c9e2f00000) (1024K)]
  0x000001db9c61c320 WorkerThread "GC Thread#8"                     [id=6596, stack(0x000000c9e3400000,0x000000c9e3500000) (1024K)]
  0x000001db9c61d590 WorkerThread "GC Thread#9"                     [id=10076, stack(0x000000c9e3500000,0x000000c9e3600000) (1024K)]
  0x000001db9cdf1920 WorkerThread "GC Thread#10"                    [id=21912, stack(0x000000c9e3600000,0x000000c9e3700000) (1024K)]
  0x000001db9cdf2080 WorkerThread "GC Thread#11"                    [id=17064, stack(0x000000c9e3700000,0x000000c9e3800000) (1024K)]
  0x000001db9cdf32f0 WorkerThread "GC Thread#12"                    [id=16548, stack(0x000000c9e3800000,0x000000c9e3900000) (1024K)]
  0x000001dbfc7e2220 ConcurrentGCThread "G1 Main Marker"            [id=24668, stack(0x000000c9e1300000,0x000000c9e1400000) (1024K)]
  0x000001dbfc7e2d30 WorkerThread "G1 Conc#0"                       [id=24476, stack(0x000000c9e1400000,0x000000c9e1500000) (1024K)]
  0x000001db97cdc400 WorkerThread "G1 Conc#1"                       [id=18304, stack(0x000000c9e2f00000,0x000000c9e3000000) (1024K)]
  0x000001db9c41d320 WorkerThread "G1 Conc#2"                       [id=25536, stack(0x000000c9e3000000,0x000000c9e3100000) (1024K)]
  0x000001db96492450 ConcurrentGCThread "G1 Refine#0"               [id=26048, stack(0x000000c9e1500000,0x000000c9e1600000) (1024K)]
  0x000001db96492d80 ConcurrentGCThread "G1 Service"                [id=24496, stack(0x000000c9e1600000,0x000000c9e1700000) (1024K)]
Total: 21

Threads with active compile tasks:
C2 CompilerThread1  6146 4632   !   4       org.jetbrains.kotlin.metadata.ProtoBuf$Type$Argument::<init> (401 bytes)
C2 CompilerThread2  6146 4730       4       org.jetbrains.org.objectweb.asm.ClassReader::readMethod (1061 bytes)
C1 CompilerThread3  6146 4764       3       org.jetbrains.kotlin.load.java.structure.impl.classFiles.BinaryJavaAnnotation$Companion::createAnnotationAndVisitor (69 bytes)
C2 CompilerThread3  6146 4768       4       org.jetbrains.kotlin.load.java.structure.impl.classFiles.BinaryClassSignatureParser::parseParameterizedClassRefSignature (257 bytes)
Total: 4

VM state: at safepoint (normal execution)

VM Mutex/Monitor currently owned by a thread:  ([mutex/lock_event])
[0x00007ffe075d86d0] Threads_lock - owner thread: 0x000001db97340ce0
[0x00007ffe075d87d0] Heap_lock - owner thread: 0x000001dbfa492190

Heap address: 0x0000000703a00000, size: 4038 MB, Compressed Oops mode: Zero based, Oop shift amount: 3

CDS archive(s) not mapped
Compressed class space mapped at: 0x0000000800000000-0x0000000840000000, reserved size: 1073741824
Narrow klass base: 0x0000000800000000, Narrow klass shift: 0, Narrow klass range: 0x40000000

GC Precious Log:
 CardTable entry size: 512
 Card Set container configuration: InlinePtr #cards 4 size 8 Array Of Cards #cards 16 size 48 Howl #buckets 8 coarsen threshold 3686 Howl Bitmap #cards 512 size 80 coarsen threshold 460 Card regions per heap region 1 cards per card region 4096
 CPUs: 16 total, 16 available
 Memory: 16151M
 Large Page Support: Disabled
 NUMA Support: Disabled
 Compressed Oops: Enabled (Zero based)
 Heap Region Size: 2M
 Heap Min Capacity: 8M
 Heap Initial Capacity: 254M
 Heap Max Capacity: 4038M
 Pre-touch: Disabled
 Parallel Workers: 13
 Concurrent Workers: 3
 Concurrent Refinement Workers: 13
 Periodic GC: Disabled

Heap:
 garbage-first heap   total 75776K, used 33548K [0x0000000703a00000, 0x0000000800000000)
  region size 2048K, 3 young (6144K), 3 survivors (6144K)
 Metaspace       used 56262K, committed 57024K, reserved 1114112K
  class space    used 6885K, committed 7232K, reserved 1048576K

Heap Regions: E=young(eden), S=young(survivor), O=old, HS=humongous(starts), HC=humongous(continues), CS=collection set, F=free, TAMS=top-at-mark-start, PB=parsable bottom
|   0|0x0000000703a00000, 0x0000000703c00000, 0x0000000703c00000|100%|HS|  |TAMS 0x0000000703a00000| PB 0x0000000703a00000| Complete 
|   1|0x0000000703c00000, 0x0000000703e00000, 0x0000000703e00000|100%|HC|  |TAMS 0x0000000703c00000| PB 0x0000000703c00000| Complete 
|   2|0x0000000703e00000, 0x0000000704000000, 0x0000000704000000|100%| O|  |TAMS 0x0000000703e00000| PB 0x0000000703e00000| Untracked 
|   3|0x0000000704000000, 0x0000000704200000, 0x0000000704200000|100%| O|  |TAMS 0x0000000704000000| PB 0x0000000704000000| Untracked 
|   4|0x0000000704200000, 0x0000000704400000, 0x0000000704400000|100%| O|  |TAMS 0x0000000704200000| PB 0x0000000704200000| Untracked 
|   5|0x0000000704400000, 0x0000000704600000, 0x0000000704600000|100%| O|  |TAMS 0x0000000704400000| PB 0x0000000704400000| Untracked 
|   6|0x0000000704600000, 0x0000000704800000, 0x0000000704800000|100%| O|  |TAMS 0x0000000704600000| PB 0x0000000704600000| Untracked 
|   7|0x0000000704800000, 0x0000000704a00000, 0x0000000704a00000|100%|HS|  |TAMS 0x0000000704800000| PB 0x0000000704800000| Complete 
|   8|0x0000000704a00000, 0x0000000704c00000, 0x0000000704c00000|100%| O|  |TAMS 0x0000000704a00000| PB 0x0000000704a00000| Untracked 
|   9|0x0000000704c00000, 0x0000000704e00000, 0x0000000704e00000|100%| O|  |TAMS 0x0000000704c00000| PB 0x0000000704c00000| Untracked 
|  10|0x0000000704e00000, 0x0000000705000000, 0x0000000705000000|100%| O|  |TAMS 0x0000000704e00000| PB 0x0000000704e00000| Untracked 
|  11|0x0000000705000000, 0x0000000705200000, 0x0000000705200000|100%| O|  |TAMS 0x0000000705000000| PB 0x0000000705000000| Untracked 
|  12|0x0000000705200000, 0x0000000705200000, 0x0000000705400000|  0%| F|  |TAMS 0x0000000705200000| PB 0x0000000705200000| Untracked 
|  13|0x0000000705400000, 0x0000000705400000, 0x0000000705600000|  0%| F|  |TAMS 0x0000000705400000| PB 0x0000000705400000| Untracked 
|  14|0x0000000705600000, 0x0000000705800000, 0x0000000705800000|100%| O|  |TAMS 0x0000000705600000| PB 0x0000000705600000| Untracked 
|  15|0x0000000705800000, 0x0000000705800000, 0x0000000705a00000|  0%| F|  |TAMS 0x0000000705800000| PB 0x0000000705800000| Untracked 
|  16|0x0000000705a00000, 0x0000000705ac3260, 0x0000000705c00000| 38%| S|CS|TAMS 0x0000000705a00000| PB 0x0000000705a00000| Complete 
|  17|0x0000000705c00000, 0x0000000705e00000, 0x0000000705e00000|100%| S|CS|TAMS 0x0000000705c00000| PB 0x0000000705c00000| Complete 
|  18|0x0000000705e00000, 0x0000000706000000, 0x0000000706000000|100%| S|CS|TAMS 0x0000000705e00000| PB 0x0000000705e00000| Complete 
|  19|0x0000000706000000, 0x0000000706000000, 0x0000000706200000|  0%| F|  |TAMS 0x0000000706000000| PB 0x0000000706000000| Untracked 
|  20|0x0000000706200000, 0x0000000706200000, 0x0000000706400000|  0%| F|  |TAMS 0x0000000706200000| PB 0x0000000706200000| Untracked 
|  21|0x0000000706400000, 0x0000000706400000, 0x0000000706600000|  0%| F|  |TAMS 0x0000000706400000| PB 0x0000000706400000| Untracked 
|  22|0x0000000706600000, 0x0000000706600000, 0x0000000706800000|  0%| F|  |TAMS 0x0000000706600000| PB 0x0000000706600000| Untracked 
|  23|0x0000000706800000, 0x0000000706800000, 0x0000000706a00000|  0%| F|  |TAMS 0x0000000706800000| PB 0x0000000706800000| Untracked 
|  24|0x0000000706a00000, 0x0000000706a00000, 0x0000000706c00000|  0%| F|  |TAMS 0x0000000706a00000| PB 0x0000000706a00000| Untracked 
|  25|0x0000000706c00000, 0x0000000706c00000, 0x0000000706e00000|  0%| F|  |TAMS 0x0000000706c00000| PB 0x0000000706c00000| Untracked 
|  26|0x0000000706e00000, 0x0000000706e00000, 0x0000000707000000|  0%| F|  |TAMS 0x0000000706e00000| PB 0x0000000706e00000| Untracked 
|  27|0x0000000707000000, 0x0000000707000000, 0x0000000707200000|  0%| F|  |TAMS 0x0000000707000000| PB 0x0000000707000000| Untracked 
|  28|0x0000000707200000, 0x0000000707200000, 0x0000000707400000|  0%| F|  |TAMS 0x0000000707200000| PB 0x0000000707200000| Untracked 
|  29|0x0000000707400000, 0x0000000707400000, 0x0000000707600000|  0%| F|  |TAMS 0x0000000707400000| PB 0x0000000707400000| Untracked 
|  30|0x0000000707600000, 0x0000000707600000, 0x0000000707800000|  0%| F|  |TAMS 0x0000000707600000| PB 0x0000000707600000| Untracked 
|  31|0x0000000707800000, 0x0000000707800000, 0x0000000707a00000|  0%| F|  |TAMS 0x0000000707800000| PB 0x0000000707800000| Untracked 
|  32|0x0000000707a00000, 0x0000000707a00000, 0x0000000707c00000|  0%| F|  |TAMS 0x0000000707a00000| PB 0x0000000707a00000| Untracked 
|  33|0x0000000707c00000, 0x0000000707c00000, 0x0000000707e00000|  0%| F|  |TAMS 0x0000000707c00000| PB 0x0000000707c00000| Untracked 
|  67|0x000000070c000000, 0x000000070c000000, 0x000000070c200000|  0%| F|  |TAMS 0x000000070c000000| PB 0x000000070c000000| Untracked 
| 126|0x0000000713600000, 0x0000000713600000, 0x0000000713800000|  0%| F|  |TAMS 0x0000000713600000| PB 0x0000000713600000| Untracked 
|2018|0x00000007ffe00000, 0x0000000800000000, 0x0000000800000000|100%| O|  |TAMS 0x00000007ffe00000| PB 0x00000007ffe00000| Untracked 

Card table byte_map: [0x000001db8fa10000,0x000001db90200000] _byte_map_base: 0x000001db8c1f3000

Marking Bits: (CMBitMap*) 0x000001dbfc7d0eb0
 Bits: [0x000001db90200000, 0x000001db94118000)

Polling page: 0x000001dbfa730000

Metaspace:

Usage:
  Non-class:     48.22 MB used.
      Class:      6.72 MB used.
       Both:     54.94 MB used.

Virtual space:
  Non-class space:       64.00 MB reserved,      48.62 MB ( 76%) committed,  1 nodes.
      Class space:        1.00 GB reserved,       7.06 MB ( <1%) committed,  1 nodes.
             Both:        1.06 GB reserved,      55.69 MB (  5%) committed. 

Chunk freelists:
   Non-Class:  15.17 MB
       Class:  8.75 MB
        Both:  23.92 MB

MaxMetaspaceSize: unlimited
CompressedClassSpaceSize: 1.00 GB
Initial GC threshold: 21.00 MB
Current GC threshold: 58.75 MB
CDS: off
 - commit_granule_bytes: 65536.
 - commit_granule_words: 8192.
 - virtual_space_node_default_size: 8388608.
 - enlarge_chunks_in_place: 1.
 - use_allocation_guard: 0.


Internal statistics:

num_allocs_failed_limit: 6.
num_arena_births: 1224.
num_arena_deaths: 0.
num_vsnodes_births: 2.
num_vsnodes_deaths: 0.
num_space_committed: 888.
num_space_uncommitted: 0.
num_chunks_returned_to_freelist: 6.
num_chunks_taken_from_freelist: 3087.
num_chunk_merges: 6.
num_chunk_splits: 2307.
num_chunks_enlarged: 1703.
num_inconsistent_stats: 0.

CodeHeap 'non-profiled nmethods': size=119168Kb used=3006Kb max_used=3006Kb free=116161Kb
 bounds [0x000001db87ba0000, 0x000001db87e90000, 0x000001db8f000000]
CodeHeap 'profiled nmethods': size=119104Kb used=10062Kb max_used=10062Kb free=109041Kb
 bounds [0x000001db80000000, 0x000001db809e0000, 0x000001db87450000]
CodeHeap 'non-nmethods': size=7488Kb used=3324Kb max_used=3374Kb free=4163Kb
 bounds [0x000001db87450000, 0x000001db877a0000, 0x000001db87ba0000]
CodeCache: size=245760Kb, used=16392Kb, max_used=16442Kb, free=229365Kb
 total_blobs=5271, nmethods=4624, adapters=548, full_count=0
Compilation: enabled, stopped_count=0, restarted_count=0

Compilation events (20 events):
Event: 3.218 Thread 0x000001db973a5700 4758       3       org.jetbrains.kotlin.load.java.structure.impl.classFiles.BinaryJavaAnnotationVisitor::<init> (40 bytes)
Event: 3.218 Thread 0x000001db973a6b70 4759       3       org.jetbrains.org.objectweb.asm.AnnotationVisitor::visitEnd (15 bytes)
Event: 3.218 Thread 0x000001db973a5030 4760       3       org.jetbrains.kotlin.load.java.structure.impl.classFiles.BinaryJavaAnnotationVisitor::<init> (31 bytes)
Event: 3.218 Thread 0x000001db973a7910 4761       3       org.jetbrains.kotlin.load.java.structure.impl.classFiles.BinaryJavaAnnotationVisitor$$Lambda/0x0000000800689078::<init> (10 bytes)
Event: 3.218 Thread 0x000001db973a6b70 nmethod 4759 0x000001db809cc190 code [0x000001db809cc340, 0x000001db809cc550]
Event: 3.218 Thread 0x000001db973a7910 nmethod 4761 0x000001db809cc610 code [0x000001db809cc7c0, 0x000001db809cc980]
Event: 3.218 Thread 0x000001db973a7910 4762       3       org.jetbrains.kotlin.load.java.structure.impl.classFiles.BinaryJavaAnnotation$Companion::addAnnotation$default (23 bytes)
Event: 3.218 Thread 0x000001db973a6b70 4763       3       org.jetbrains.kotlin.load.java.structure.impl.classFiles.BinaryJavaAnnotation$Companion::addAnnotation (74 bytes)
Event: 3.219 Thread 0x000001db973a7910 nmethod 4762 0x000001db809cca10 code [0x000001db809ccbc0, 0x000001db809ccd20]
Event: 3.219 Thread 0x000001db973a7910 4764       3       org.jetbrains.kotlin.load.java.structure.impl.classFiles.BinaryJavaAnnotation$Companion::createAnnotationAndVisitor (69 bytes)
Event: 3.219 Thread 0x000001db973a5700 nmethod 4758 0x000001db809cce10 code [0x000001db809cd120, 0x000001db809ce138]
Event: 3.219 Thread 0x000001db973a5700 4765       3       org.jetbrains.kotlin.load.java.structure.impl.classFiles.BinaryJavaAnnotation::<init> (10 bytes)
Event: 3.219 Thread 0x000001db973a5700 nmethod 4765 0x000001db809ce690 code [0x000001db809ce840, 0x000001db809ce978]
Event: 3.219 Thread 0x000001db973a5700 4766       3       org.jetbrains.kotlin.load.java.structure.impl.classFiles.BinaryJavaAnnotation::<init> (38 bytes)
Event: 3.219 Thread 0x000001db973a5030 nmethod 4760 0x000001db809cea10 code [0x000001db809ced80, 0x000001db809d00e8]
Event: 3.219 Thread 0x000001db973a5030 4767       3       org.jetbrains.kotlin.load.java.structure.impl.classFiles.BinaryJavaAnnotation$$Lambda/0x0000000800688988::<init> (15 bytes)
Event: 3.219 Thread 0x000001db973a6b70 nmethod 4763 0x000001db809d0790 code [0x000001db809d0b40, 0x000001db809d2230]
Event: 3.219 Thread 0x000001db973a5030 nmethod 4767 0x000001db809d2a10 code [0x000001db809d2bc0, 0x000001db809d2df0]
Event: 3.219 Thread 0x000001db973a86b0 4768       4       org.jetbrains.kotlin.load.java.structure.impl.classFiles.BinaryClassSignatureParser::parseParameterizedClassRefSignature (257 bytes)
Event: 3.219 Thread 0x000001db973a5700 nmethod 4766 0x000001db809d2e90 code [0x000001db809d30c0, 0x000001db809d3888]

GC Heap History (20 events):
Event: 0.480 GC heap after
{Heap after GC invocations=1 (full 0):
 garbage-first heap   total 260096K, used 7324K [0x0000000703a00000, 0x0000000800000000)
  region size 2048K, 2 young (4096K), 2 survivors (4096K)
 Metaspace       used 14342K, committed 14528K, reserved 1114112K
  class space    used 1436K, committed 1536K, reserved 1048576K
}
Event: 0.808 GC heap before
{Heap before GC invocations=1 (full 0):
 garbage-first heap   total 260096K, used 25756K [0x0000000703a00000, 0x0000000800000000)
  region size 2048K, 13 young (26624K), 2 survivors (4096K)
 Metaspace       used 21352K, committed 21504K, reserved 1114112K
  class space    used 2245K, committed 2304K, reserved 1048576K
}
Event: 0.812 GC heap after
{Heap after GC invocations=2 (full 0):
 garbage-first heap   total 260096K, used 7972K [0x0000000703a00000, 0x0000000800000000)
  region size 2048K, 2 young (4096K), 2 survivors (4096K)
 Metaspace       used 21352K, committed 21504K, reserved 1114112K
  class space    used 2245K, committed 2304K, reserved 1048576K
}
Event: 1.083 GC heap before
{Heap before GC invocations=3 (full 0):
 garbage-first heap   total 28672K, used 28452K [0x0000000703a00000, 0x0000000800000000)
  region size 2048K, 12 young (24576K), 2 survivors (4096K)
 Metaspace       used 25118K, committed 25344K, reserved 1114112K
  class space    used 3008K, committed 3072K, reserved 1048576K
}
Event: 1.088 GC heap after
{Heap after GC invocations=4 (full 0):
 garbage-first heap   total 36864K, used 11508K [0x0000000703a00000, 0x0000000800000000)
  region size 2048K, 4 young (8192K), 4 survivors (8192K)
 Metaspace       used 25118K, committed 25344K, reserved 1114112K
  class space    used 3008K, committed 3072K, reserved 1048576K
}
Event: 1.169 GC heap before
{Heap before GC invocations=4 (full 0):
 garbage-first heap   total 36864K, used 25844K [0x0000000703a00000, 0x0000000800000000)
  region size 2048K, 10 young (20480K), 4 survivors (8192K)
 Metaspace       used 25714K, committed 25920K, reserved 1114112K
  class space    used 3088K, committed 3200K, reserved 1048576K
}
Event: 1.175 GC heap after
{Heap after GC invocations=5 (full 0):
 garbage-first heap   total 38912K, used 16302K [0x0000000703a00000, 0x0000000800000000)
  region size 2048K, 2 young (4096K), 2 survivors (4096K)
 Metaspace       used 25714K, committed 25920K, reserved 1114112K
  class space    used 3088K, committed 3200K, reserved 1048576K
}
Event: 1.333 GC heap before
{Heap before GC invocations=5 (full 0):
 garbage-first heap   total 38912K, used 28590K [0x0000000703a00000, 0x0000000800000000)
  region size 2048K, 8 young (16384K), 2 survivors (4096K)
 Metaspace       used 29783K, committed 29952K, reserved 1114112K
  class space    used 3749K, committed 3840K, reserved 1048576K
}
Event: 1.337 GC heap after
{Heap after GC invocations=6 (full 0):
 garbage-first heap   total 38912K, used 17782K [0x0000000703a00000, 0x0000000800000000)
  region size 2048K, 1 young (2048K), 1 survivors (2048K)
 Metaspace       used 29783K, committed 29952K, reserved 1114112K
  class space    used 3749K, committed 3840K, reserved 1048576K
}
Event: 1.487 GC heap before
{Heap before GC invocations=6 (full 0):
 garbage-first heap   total 38912K, used 28022K [0x0000000703a00000, 0x0000000800000000)
  region size 2048K, 7 young (14336K), 1 survivors (2048K)
 Metaspace       used 31631K, committed 31872K, reserved 1114112K
  class space    used 3936K, committed 4032K, reserved 1048576K
}
Event: 1.490 GC heap after
{Heap after GC invocations=7 (full 0):
 garbage-first heap   total 38912K, used 17037K [0x0000000703a00000, 0x0000000800000000)
  region size 2048K, 1 young (2048K), 1 survivors (2048K)
 Metaspace       used 31631K, committed 31872K, reserved 1114112K
  class space    used 3936K, committed 4032K, reserved 1048576K
}
Event: 1.631 GC heap before
{Heap before GC invocations=7 (full 0):
 garbage-first heap   total 38912K, used 27277K [0x0000000703a00000, 0x0000000800000000)
  region size 2048K, 7 young (14336K), 1 survivors (2048K)
 Metaspace       used 34104K, committed 34304K, reserved 1114112K
  class space    used 4198K, committed 4288K, reserved 1048576K
}
Event: 1.635 GC heap after
{Heap after GC invocations=8 (full 0):
 garbage-first heap   total 149504K, used 18828K [0x0000000703a00000, 0x0000000800000000)
  region size 2048K, 1 young (2048K), 1 survivors (2048K)
 Metaspace       used 34104K, committed 34304K, reserved 1114112K
  class space    used 4198K, committed 4288K, reserved 1048576K
}
Event: 1.709 GC heap before
{Heap before GC invocations=8 (full 0):
 garbage-first heap   total 149504K, used 22924K [0x0000000703a00000, 0x0000000800000000)
  region size 2048K, 5 young (10240K), 1 survivors (2048K)
 Metaspace       used 35793K, committed 35968K, reserved 1114112K
  class space    used 4326K, committed 4416K, reserved 1048576K
}
Event: 1.710 GC heap after
{Heap after GC invocations=9 (full 0):
 garbage-first heap   total 149504K, used 19194K [0x0000000703a00000, 0x0000000800000000)
  region size 2048K, 1 young (2048K), 1 survivors (2048K)
 Metaspace       used 35793K, committed 35968K, reserved 1114112K
  class space    used 4326K, committed 4416K, reserved 1048576K
}
Event: 2.386 GC heap before
{Heap before GC invocations=10 (full 0):
 garbage-first heap   total 69632K, used 68346K [0x0000000703a00000, 0x0000000800000000)
  region size 2048K, 25 young (51200K), 1 survivors (2048K)
 Metaspace       used 46479K, committed 47232K, reserved 1114112K
  class space    used 5682K, committed 6016K, reserved 1048576K
}
Event: 2.393 GC heap after
{Heap after GC invocations=11 (full 0):
 garbage-first heap   total 75776K, used 22720K [0x0000000703a00000, 0x0000000800000000)
  region size 2048K, 3 young (6144K), 3 survivors (6144K)
 Metaspace       used 46479K, committed 47232K, reserved 1114112K
  class space    used 5682K, committed 6016K, reserved 1048576K
}
Event: 2.770 GC heap before
{Heap before GC invocations=11 (full 0):
 garbage-first heap   total 75776K, used 63680K [0x0000000703a00000, 0x0000000800000000)
  region size 2048K, 22 young (45056K), 3 survivors (6144K)
 Metaspace       used 50838K, committed 51584K, reserved 1114112K
  class space    used 6202K, committed 6528K, reserved 1048576K
}
Event: 2.781 GC heap after
{Heap after GC invocations=12 (full 0):
 garbage-first heap   total 75776K, used 28621K [0x0000000703a00000, 0x0000000800000000)
  region size 2048K, 2 young (4096K), 2 survivors (4096K)
 Metaspace       used 50838K, committed 51584K, reserved 1114112K
  class space    used 6202K, committed 6528K, reserved 1048576K
}
Event: 3.220 GC heap before
{Heap before GC invocations=12 (full 0):
 garbage-first heap   total 75776K, used 63437K [0x0000000703a00000, 0x0000000800000000)
  region size 2048K, 19 young (38912K), 2 survivors (4096K)
 Metaspace       used 56262K, committed 57024K, reserved 1114112K
  class space    used 6885K, committed 7232K, reserved 1048576K
}

Dll operation events (3 events):
Event: 0.005 Loaded shared library C:\Program Files\Android\Android Studio\jbr\bin\java.dll
Event: 0.009 Loaded shared library C:\Program Files\Android\Android Studio\jbr\bin\zip.dll
Event: 0.971 Loaded shared library C:\Program Files\Android\Android Studio\jbr\bin\verify.dll

Deoptimization events (20 events):
Event: 3.075 Thread 0x000001dbfa492190 Uncommon trap: trap_request=0xffffffc6 fr.pc=0x000001db87c723d4 relative=0x00000000000000b4
Event: 3.075 Thread 0x000001dbfa492190 Uncommon trap: reason=bimorphic_or_optimized_type_check action=maybe_recompile pc=0x000001db87c723d4 method=java.util.AbstractList$Itr.hasNext()Z @ 8 c2
Event: 3.075 Thread 0x000001dbfa492190 DEOPT PACKING pc=0x000001db87c723d4 sp=0x000000c9e11fa4e0
Event: 3.075 Thread 0x000001dbfa492190 DEOPT UNPACKING pc=0x000001db874a7ba2 sp=0x000000c9e11fa478 mode 2
Event: 3.075 Thread 0x000001dbfa492190 Uncommon trap: trap_request=0xffffffc6 fr.pc=0x000001db87c723d4 relative=0x00000000000000b4
Event: 3.075 Thread 0x000001dbfa492190 Uncommon trap: reason=bimorphic_or_optimized_type_check action=maybe_recompile pc=0x000001db87c723d4 method=java.util.AbstractList$Itr.hasNext()Z @ 8 c2
Event: 3.075 Thread 0x000001dbfa492190 DEOPT PACKING pc=0x000001db87c723d4 sp=0x000000c9e11fa4e0
Event: 3.075 Thread 0x000001dbfa492190 DEOPT UNPACKING pc=0x000001db874a7ba2 sp=0x000000c9e11fa478 mode 2
Event: 3.097 Thread 0x000001dbfa492190 Uncommon trap: trap_request=0xffffffc6 fr.pc=0x000001db87c723d4 relative=0x00000000000000b4
Event: 3.097 Thread 0x000001dbfa492190 Uncommon trap: reason=bimorphic_or_optimized_type_check action=maybe_recompile pc=0x000001db87c723d4 method=java.util.AbstractList$Itr.hasNext()Z @ 8 c2
Event: 3.097 Thread 0x000001dbfa492190 DEOPT PACKING pc=0x000001db87c723d4 sp=0x000000c9e11fa4a0
Event: 3.097 Thread 0x000001dbfa492190 DEOPT UNPACKING pc=0x000001db874a7ba2 sp=0x000000c9e11fa438 mode 2
Event: 3.097 Thread 0x000001dbfa492190 Uncommon trap: trap_request=0xffffffc6 fr.pc=0x000001db87c723d4 relative=0x00000000000000b4
Event: 3.097 Thread 0x000001dbfa492190 Uncommon trap: reason=bimorphic_or_optimized_type_check action=maybe_recompile pc=0x000001db87c723d4 method=java.util.AbstractList$Itr.hasNext()Z @ 8 c2
Event: 3.097 Thread 0x000001dbfa492190 DEOPT PACKING pc=0x000001db87c723d4 sp=0x000000c9e11fa4a0
Event: 3.097 Thread 0x000001dbfa492190 DEOPT UNPACKING pc=0x000001db874a7ba2 sp=0x000000c9e11fa438 mode 2
Event: 3.178 Thread 0x000001dbfa492190 Uncommon trap: trap_request=0xffffff45 fr.pc=0x000001db87dbb17c relative=0x000000000000005c
Event: 3.178 Thread 0x000001dbfa492190 Uncommon trap: reason=unstable_if action=reinterpret pc=0x000001db87dbb17c method=org.jetbrains.kotlin.protobuf.CodedOutputStream.computeRawVarint32Size(I)I @ 14 c2
Event: 3.178 Thread 0x000001dbfa492190 DEOPT PACKING pc=0x000001db87dbb17c sp=0x000000c9e11fb390
Event: 3.178 Thread 0x000001dbfa492190 DEOPT UNPACKING pc=0x000001db874a7ba2 sp=0x000000c9e11fb328 mode 2

Classes loaded (20 events):
Event: 2.968 Loading class jdk/internal/jimage/decompressor/ZipDecompressor
Event: 2.968 Loading class jdk/internal/jimage/decompressor/ResourceDecompressor
Event: 2.968 Loading class jdk/internal/jimage/decompressor/ResourceDecompressor done
Event: 2.968 Loading class jdk/internal/jimage/decompressor/ZipDecompressor done
Event: 2.968 Loading class sun/net/www/protocol/jrt/Handler
Event: 2.968 Loading class sun/net/www/protocol/jrt/Handler done
Event: 2.983 Loading class java/security/CodeSigner
Event: 2.983 Loading class java/security/CodeSigner done
Event: 2.987 Loading class java/util/regex/Pattern$LineEnding
Event: 2.987 Loading class java/util/regex/Pattern$LineEnding done
Event: 2.998 Loading class java/text/StringCharacterIterator
Event: 2.998 Loading class java/text/CharacterIterator
Event: 2.999 Loading class java/text/CharacterIterator done
Event: 2.999 Loading class java/text/StringCharacterIterator done
Event: 3.065 Loading class java/util/function/ToIntFunction
Event: 3.065 Loading class java/util/function/ToIntFunction done
Event: 3.152 Loading class java/util/Collections$SingletonMap
Event: 3.152 Loading class java/util/Collections$SingletonMap done
Event: 3.152 Loading class java/util/AbstractMap$SimpleImmutableEntry
Event: 3.152 Loading class java/util/AbstractMap$SimpleImmutableEntry done

Classes unloaded (0 events):
No events

Classes redefined (0 events):
No events

Internal exceptions (20 events):
Event: 2.349 Thread 0x000001dbfa492190 Exception <a 'java/lang/NoSuchMethodError'{0x0000000704dc4a38}: 'java.lang.Object java.lang.invoke.DirectMethodHandle$Holder.invokeStatic(java.lang.Object, java.lang.Object, long, java.lang.Object)'> (0x0000000704dc4a38) 
thrown [s\src\hotspot\share\interpreter\linkResolver.cpp, line 784]
Event: 2.349 Thread 0x000001dbfa492190 Exception <a 'java/lang/NoSuchMethodError'{0x0000000704dcb3e0}: 'java.lang.Object java.lang.invoke.DirectMethodHandle$Holder.newInvokeSpecial(java.lang.Object, java.lang.Object, long)'> (0x0000000704dcb3e0) 
thrown [s\src\hotspot\share\interpreter\linkResolver.cpp, line 784]
Event: 2.349 Thread 0x000001dbfa492190 Exception <a 'java/lang/NoSuchMethodError'{0x0000000704dcee48}: 'java.lang.Object java.lang.invoke.Invokers$Holder.linkToTargetMethod(java.lang.Object, long, java.lang.Object)'> (0x0000000704dcee48) 
thrown [s\src\hotspot\share\interpreter\linkResolver.cpp, line 784]
Event: 2.354 Thread 0x000001dbfa492190 Exception <a 'sun/nio/fs/WindowsException'{0x00000007048150e0}> (0x00000007048150e0) 
thrown [s\src\hotspot\share\prims\jni.cpp, line 537]
Event: 2.354 Thread 0x000001dbfa492190 Exception <a 'java/lang/NoSuchMethodError'{0x000000070481b248}: 'java.lang.Object java.lang.invoke.DirectMethodHandle$Holder.invokeSpecial(java.lang.Object, java.lang.Object, java.lang.Object, int, int)'> (0x000000070481b248) 
thrown [s\src\hotspot\share\interpreter\linkResolver.cpp, line 784]
Event: 2.355 Thread 0x000001dbfa492190 Exception <a 'java/lang/NoSuchMethodError'{0x00000007048220e0}: 'java.lang.Object java.lang.invoke.DirectMethodHandle$Holder.newInvokeSpecial(java.lang.Object, java.lang.Object, java.lang.Object, int, int)'> (0x00000007048220e0) 
thrown [s\src\hotspot\share\interpreter\linkResolver.cpp, line 784]
Event: 2.358 Thread 0x000001dbfa492190 Exception <a 'sun/nio/fs/WindowsException'{0x0000000704842600}> (0x0000000704842600) 
thrown [s\src\hotspot\share\prims\jni.cpp, line 537]
Event: 2.374 Thread 0x000001dbfa492190 Implicit null exception at 0x000001db87d5af5a to 0x000001db87d5b064
Event: 2.429 Thread 0x000001dbfa492190 Implicit null exception at 0x000001db87d77e23 to 0x000001db87d78750
Event: 2.429 Thread 0x000001dbfa492190 Implicit null exception at 0x000001db87d7629e to 0x000001db87d76434
Event: 2.627 Thread 0x000001dbfa492190 Exception <a 'java/lang/NoSuchMethodError'{0x0000000706a22520}: 'java.lang.Object java.lang.invoke.DirectMethodHandle$Holder.newInvokeSpecial(java.lang.Object, java.lang.Object, java.lang.Object, int)'> (0x0000000706a22520) 
thrown [s\src\hotspot\share\interpreter\linkResolver.cpp, line 784]
Event: 2.627 Thread 0x000001dbfa492190 Exception <a 'java/lang/NoSuchMethodError'{0x0000000706a26660}: 'java.lang.Object java.lang.invoke.DirectMethodHandle$Holder.invokeSpecial(java.lang.Object, java.lang.Object, java.lang.Object, java.lang.Object, int)'> (0x0000000706a26660) 
thrown [s\src\hotspot\share\interpreter\linkResolver.cpp, line 784]
Event: 2.627 Thread 0x000001dbfa492190 Exception <a 'java/lang/NoSuchMethodError'{0x0000000706a29da8}: 'java.lang.Object java.lang.invoke.Invokers$Holder.linkToTargetMethod(java.lang.Object, java.lang.Object, int, java.lang.Object)'> (0x0000000706a29da8) 
thrown [s\src\hotspot\share\interpreter\linkResolver.cpp, line 784]
Event: 2.693 Thread 0x000001dbfa492190 Exception <a 'java/lang/NoSuchMethodError'{0x000000070661ebe0}: 'java.lang.Object java.lang.invoke.DirectMethodHandle$Holder.invokeSpecial(java.lang.Object, java.lang.Object, java.lang.Object, java.lang.Object, java.lang.Object, java.lang.Object, int)'> (0x000000070661ebe0) 
thrown [s\src\hotspot\share\interpreter\linkResolver.cpp, line 784]
Event: 2.695 Thread 0x000001dbfa492190 Exception <a 'java/lang/NoSuchMethodError'{0x000000070664a7a0}: 'java.lang.Object java.lang.invoke.DirectMethodHandle$Holder.newInvokeSpecial(java.lang.Object, java.lang.Object, java.lang.Object, java.lang.Object, java.lang.Object, java.lang.Object, java.lang.Object, int, java.lang.Object)'> (0x000000070664a7a0) 
thrown [s\src\hotspot\share\interpreter\linkResolver.cpp, line 784]
Event: 2.804 Thread 0x000001dbfa492190 Exception <a 'java/lang/NoSuchMethodError'{0x0000000707b43b50}: 'java.lang.Object java.lang.invoke.DirectMethodHandle$Holder.newInvokeSpecial(java.lang.Object, java.lang.Object, java.lang.Object, java.lang.Object, int)'> (0x0000000707b43b50) 
thrown [s\src\hotspot\share\interpreter\linkResolver.cpp, line 784]
Event: 2.804 Thread 0x000001dbfa492190 Exception <a 'java/lang/NoSuchMethodError'{0x0000000707b48070}: 'java.lang.Object java.lang.invoke.DirectMethodHandle$Holder.invokeSpecial(java.lang.Object, java.lang.Object, java.lang.Object, java.lang.Object, java.lang.Object, int)'> (0x0000000707b48070) 
thrown [s\src\hotspot\share\interpreter\linkResolver.cpp, line 784]
Event: 2.804 Thread 0x000001dbfa492190 Exception <a 'java/lang/NoSuchMethodError'{0x0000000707b4c050}: 'java.lang.Object java.lang.invoke.Invokers$Holder.linkToTargetMethod(java.lang.Object, java.lang.Object, java.lang.Object, int, java.lang.Object)'> (0x0000000707b4c050) 
thrown [s\src\hotspot\share\interpreter\linkResolver.cpp, line 784]
Event: 2.943 Thread 0x000001dbfa492190 Exception <a 'sun/nio/fs/WindowsException'{0x000000070704f038}> (0x000000070704f038) 
thrown [s\src\hotspot\share\prims\jni.cpp, line 537]
Event: 2.956 Thread 0x000001dbfa492190 Exception <a 'java/lang/NoSuchMethodError'{0x000000070712fc20}: 'java.lang.Object java.lang.invoke.DirectMethodHandle$Holder.invokeSpecialIFC(java.lang.Object, java.lang.Object, java.lang.Object, java.lang.Object)'> (0x000000070712fc20) 
thrown [s\src\hotspot\share\interpreter\linkResolver.cpp, line 784]

ZGC Phase Switch (0 events):
No events

VM Operations (20 events):
Event: 2.662 Executing non-safepoint VM operation: HandshakeAllThreads (Deoptimize) done
Event: 2.758 Executing safepoint VM operation: ICBufferFull
Event: 2.758 Executing safepoint VM operation: ICBufferFull done
Event: 2.770 Executing safepoint VM operation: G1CollectForAllocation (G1 Evacuation Pause)
Event: 2.781 Executing safepoint VM operation: G1CollectForAllocation (G1 Evacuation Pause) done
Event: 2.836 Executing non-safepoint VM operation: HandshakeAllThreads (Deoptimize)
Event: 2.836 Executing non-safepoint VM operation: HandshakeAllThreads (Deoptimize) done
Event: 3.030 Executing safepoint VM operation: ICBufferFull
Event: 3.030 Executing safepoint VM operation: ICBufferFull done
Event: 3.051 Executing non-safepoint VM operation: HandshakeAllThreads (Deoptimize)
Event: 3.051 Executing non-safepoint VM operation: HandshakeAllThreads (Deoptimize) done
Event: 3.085 Executing non-safepoint VM operation: HandshakeAllThreads (Deoptimize)
Event: 3.085 Executing non-safepoint VM operation: HandshakeAllThreads (Deoptimize) done
Event: 3.099 Executing non-safepoint VM operation: HandshakeAllThreads (Deoptimize)
Event: 3.099 Executing non-safepoint VM operation: HandshakeAllThreads (Deoptimize) done
Event: 3.114 Executing non-safepoint VM operation: HandshakeAllThreads (Deoptimize)
Event: 3.114 Executing non-safepoint VM operation: HandshakeAllThreads (Deoptimize) done
Event: 3.115 Executing non-safepoint VM operation: HandshakeAllThreads (Deoptimize)
Event: 3.115 Executing non-safepoint VM operation: HandshakeAllThreads (Deoptimize) done
Event: 3.220 Executing safepoint VM operation: G1CollectForAllocation (G1 Evacuation Pause)

Memory protections (0 events):
No events

Nmethod flushes (20 events):
Event: 1.717 Thread 0x000001db97340ce0 flushing  nmethod 0x000001db80075290
Event: 1.717 Thread 0x000001db97340ce0 flushing  nmethod 0x000001db80075990
Event: 1.717 Thread 0x000001db97340ce0 flushing  nmethod 0x000001db80076510
Event: 1.717 Thread 0x000001db97340ce0 flushing  nmethod 0x000001db80079010
Event: 1.717 Thread 0x000001db97340ce0 flushing  nmethod 0x000001db8007a590
Event: 1.717 Thread 0x000001db97340ce0 flushing  nmethod 0x000001db8007b390
Event: 1.717 Thread 0x000001db97340ce0 flushing  nmethod 0x000001db8007c110
Event: 1.717 Thread 0x000001db97340ce0 flushing  nmethod 0x000001db80085410
Event: 1.717 Thread 0x000001db97340ce0 flushing  nmethod 0x000001db80087290
Event: 1.717 Thread 0x000001db97340ce0 flushing  nmethod 0x000001db80087810
Event: 1.717 Thread 0x000001db97340ce0 flushing  nmethod 0x000001db80088590
Event: 1.717 Thread 0x000001db97340ce0 flushing  nmethod 0x000001db80088f90
Event: 1.717 Thread 0x000001db97340ce0 flushing  nmethod 0x000001db80089390
Event: 1.717 Thread 0x000001db97340ce0 flushing  nmethod 0x000001db80089f10
Event: 1.717 Thread 0x000001db97340ce0 flushing  nmethod 0x000001db800caa90
Event: 1.717 Thread 0x000001db97340ce0 flushing  nmethod 0x000001db8011ba90
Event: 1.717 Thread 0x000001db97340ce0 flushing  nmethod 0x000001db8019ea10
Event: 1.717 Thread 0x000001db97340ce0 flushing  nmethod 0x000001db801b8b90
Event: 1.717 Thread 0x000001db97340ce0 flushing  nmethod 0x000001db801b9f10
Event: 1.717 Thread 0x000001db97340ce0 flushing  nmethod 0x000001db801ba410

Events (20 events):
Event: 0.038 Thread 0x000001dbfa492190 Thread added: 0x000001db973a21c0
Event: 0.038 Thread 0x000001dbfa492190 Thread added: 0x000001db973a2c20
Event: 0.038 Thread 0x000001dbfa492190 Thread added: 0x000001db973a3680
Event: 0.038 Thread 0x000001dbfa492190 Thread added: 0x000001db973a4540
Event: 0.038 Thread 0x000001dbfa492190 Thread added: 0x000001db973a6b70
Event: 0.060 Thread 0x000001db973a6b70 Thread added: 0x000001db973a5700
Event: 0.063 Thread 0x000001dbfa492190 Thread added: 0x000001db97572c00
Event: 0.070 Loaded shared library C:\Program Files\Android\Android Studio\jbr\bin\net.dll
Event: 0.072 Loaded shared library C:\Program Files\Android\Android Studio\jbr\bin\nio.dll
Event: 0.085 Thread 0x000001db973a4540 Thread added: 0x000001db973a64a0
Event: 0.085 Thread 0x000001db973a4540 Thread added: 0x000001db973a7240
Event: 0.092 Loaded shared library C:\Program Files\Android\Android Studio\jbr\bin\zip.dll
Event: 0.119 Loaded shared library C:\Program Files\Android\Android Studio\jbr\bin\jimage.dll
Event: 0.211 Thread 0x000001db973a6b70 Thread added: 0x000001db973a5030
Event: 0.340 Thread 0x000001db973a5700 Thread added: 0x000001db973a7910
Event: 1.040 Thread 0x000001db973a4540 Thread added: 0x000001db973a86b0
Event: 1.040 Thread 0x000001db973a4540 Thread added: 0x000001db9c698820
Event: 1.054 Thread 0x000001db9c698820 Thread added: 0x000001db9c69bea0
Event: 1.652 Thread 0x000001db9c69bea0 Thread exited: 0x000001db9c69bea0
Event: 3.166 Thread 0x000001db9c698820 Thread exited: 0x000001db9c698820


Dynamic libraries:
0x00007ff7dc0e0000 - 0x00007ff7dc0ea000 	C:\Program Files\Android\Android Studio\jbr\bin\java.exe
0x00007ffece3c0000 - 0x00007ffece627000 	C:\WINDOWS\SYSTEM32\ntdll.dll
0x00007ffecd8e0000 - 0x00007ffecd9a9000 	C:\WINDOWS\System32\KERNEL32.DLL
0x00007ffecbc90000 - 0x00007ffecc087000 	C:\WINDOWS\System32\KERNELBASE.dll
0x00007ffecba80000 - 0x00007ffecbbcb000 	C:\WINDOWS\System32\ucrtbase.dll
0x00007ffeace20000 - 0x00007ffeace38000 	C:\Program Files\Android\Android Studio\jbr\bin\jli.dll
0x00007ffec8190000 - 0x00007ffec81ab000 	C:\Program Files\Android\Android Studio\jbr\bin\VCRUNTIME140.dll
0x00007ffecd0b0000 - 0x00007ffecd276000 	C:\WINDOWS\System32\USER32.dll
0x00007ffeb1740000 - 0x00007ffeb19d2000 	C:\WINDOWS\WinSxS\amd64_microsoft.windows.common-controls_6595b64144ccf1df_6.0.26100.8328_none_3e08182ce334b678\COMCTL32.dll
0x00007ffecadf0000 - 0x00007ffecae17000 	C:\WINDOWS\System32\win32u.dll
0x00007ffecc680000 - 0x00007ffecc729000 	C:\WINDOWS\System32\msvcrt.dll
0x00007ffecc730000 - 0x00007ffecc75b000 	C:\WINDOWS\System32\GDI32.dll
0x00007ffecafa0000 - 0x00007ffecb0cc000 	C:\WINDOWS\System32\gdi32full.dll
0x00007ffecb9d0000 - 0x00007ffecba73000 	C:\WINDOWS\System32\msvcp_win.dll
0x00007ffecdad0000 - 0x00007ffecdb02000 	C:\WINDOWS\System32\IMM32.DLL
0x00007ffec63c0000 - 0x00007ffec63cc000 	C:\Program Files\Android\Android Studio\jbr\bin\vcruntime140_1.dll
0x00007ffe76e70000 - 0x00007ffe76efd000 	C:\Program Files\Android\Android Studio\jbr\bin\msvcp140.dll
0x00007ffe06a20000 - 0x00007ffe076b6000 	C:\Program Files\Android\Android Studio\jbr\bin\server\jvm.dll
0x00007ffecc140000 - 0x00007ffecc1f6000 	C:\WINDOWS\System32\ADVAPI32.dll
0x00007ffecd9b0000 - 0x00007ffecda57000 	C:\WINDOWS\System32\sechost.dll
0x00007ffecd280000 - 0x00007ffecd398000 	C:\WINDOWS\System32\RPCRT4.dll
0x00007ffecd830000 - 0x00007ffecd8b0000 	C:\WINDOWS\System32\WS2_32.dll
0x00007ffeca7e0000 - 0x00007ffeca83e000 	C:\WINDOWS\SYSTEM32\POWRPROF.dll
0x00007ffebef10000 - 0x00007ffebef46000 	C:\WINDOWS\SYSTEM32\WINMM.dll
0x00007ffec1650000 - 0x00007ffec165b000 	C:\WINDOWS\SYSTEM32\VERSION.dll
0x00007ffeca6c0000 - 0x00007ffeca6d4000 	C:\WINDOWS\SYSTEM32\UMPDC.dll
0x00007ffec9b40000 - 0x00007ffec9b5b000 	C:\WINDOWS\SYSTEM32\kernel.appcore.dll
0x00007ffec6090000 - 0x00007ffec609a000 	C:\Program Files\Android\Android Studio\jbr\bin\jimage.dll
0x00007ffec8c30000 - 0x00007ffec8e72000 	C:\WINDOWS\SYSTEM32\DBGHELP.DLL
0x00007ffecde90000 - 0x00007ffece213000 	C:\WINDOWS\System32\combase.dll
0x00007ffecc4a0000 - 0x00007ffecc579000 	C:\WINDOWS\System32\OLEAUT32.dll
0x00007ffeba820000 - 0x00007ffeba85b000 	C:\WINDOWS\SYSTEM32\dbgcore.DLL
0x00007ffecc090000 - 0x00007ffecc138000 	C:\WINDOWS\System32\bcryptPrimitives.dll
0x00007ffec3fb0000 - 0x00007ffec3fd0000 	C:\Program Files\Android\Android Studio\jbr\bin\java.dll
0x00007ffec3f90000 - 0x00007ffec3fa8000 	C:\Program Files\Android\Android Studio\jbr\bin\zip.dll
0x00007ffecc7d0000 - 0x00007ffeccf3e000 	C:\WINDOWS\System32\SHELL32.dll
0x00007ffecb0d0000 - 0x00007ffecb93c000 	C:\WINDOWS\System32\windows.storage.dll
0x00007ffecc280000 - 0x00007ffecc376000 	C:\WINDOWS\System32\SHCORE.dll
0x00007ffecda60000 - 0x00007ffecdac6000 	C:\WINDOWS\System32\shlwapi.dll
0x00007ffecad10000 - 0x00007ffecad39000 	C:\WINDOWS\SYSTEM32\profapi.dll
0x00007ffec6080000 - 0x00007ffec6090000 	C:\Program Files\Android\Android Studio\jbr\bin\net.dll
0x00007ffec4310000 - 0x00007ffec4439000 	C:\WINDOWS\SYSTEM32\WINHTTP.dll
0x00007ffeca090000 - 0x00007ffeca0fc000 	C:\WINDOWS\system32\mswsock.dll
0x00007ffec3f70000 - 0x00007ffec3f86000 	C:\Program Files\Android\Android Studio\jbr\bin\nio.dll
0x00007ffec32c0000 - 0x00007ffec32d0000 	C:\Program Files\Android\Android Studio\jbr\bin\verify.dll

JVMTI agents: none

dbghelp: loaded successfully - version: 4.0.5 - missing functions: none
symbol engine: initialized successfully - sym options: 0x614 - pdb path: .;C:\Program Files\Android\Android Studio\jbr\bin;C:\WINDOWS\SYSTEM32;C:\WINDOWS\WinSxS\amd64_microsoft.windows.common-controls_6595b64144ccf1df_6.0.26100.8328_none_3e08182ce334b678;C:\Program Files\Android\Android Studio\jbr\bin\server

VM Arguments:
java_command: org.jetbrains.kotlin.cli.jvm.K2JVMCompiler @C:\Users\sabda\AndroidStudioProjects\NewsApp\app\build\20260506_18151152540927749721.compiler.options
java_class_path (initial): C:\Users\sabda\.gradle\caches\modules-2\files-2.1\org.jetbrains.kotlin\kotlin-compiler-embeddable\2.0.0\1de310de3446414381282ffc46c3ed3919a4d1da\kotlin-compiler-embeddable-2.0.0.jar;C:\Users\sabda\.gradle\caches\modules-2\files-2.1\org.jetbrains.kotlin\kotlin-stdlib\2.0.0\b48df2c4aede9586cc931ead433bc02d6fd7879e\kotlin-stdlib-2.0.0.jar;C:\Users\sabda\.gradle\caches\modules-2\files-2.1\org.jetbrains.kotlin\kotlin-script-runtime\2.0.0\fdc27dd047d592fa41d2dfa21e7621287a361612\kotlin-script-runtime-2.0.0.jar;C:\Users\sabda\.gradle\caches\modules-2\files-2.1\org.jetbrains.kotlin\kotlin-reflect\1.6.10\1cbe9c92c12a94eea200d23c2bbaedaf3daf5132\kotlin-reflect-1.6.10.jar;C:\Users\sabda\.gradle\caches\modules-2\files-2.1\org.jetbrains.kotlin\kotlin-daemon-embeddable\2.0.0\b39c612768614c4428c96ee9c65477181fffe9d\kotlin-daemon-embeddable-2.0.0.jar;C:\Users\sabda\.gradle\caches\modules-2\files-2.1\org.jetbrains.intellij.deps\trove4j\1.0.20200330\3afb14d5f9ceb459d724e907a21145e8ff394f02\trove4j-1.0.20200330.jar;C:\Users\sabda\.gradle\caches\modules-2\files-2.1\org.jetbrains\annotations\13.0\919f0dfe192fb4e063e7dacadee7f8bb9a2672a9\annotations-13.0.jar
Launcher Type: SUN_STANDARD

[Global flags]
     intx CICompilerCount                          = 12                                        {product} {ergonomic}
     uint ConcGCThreads                            = 3                                         {product} {ergonomic}
     uint G1ConcRefinementThreads                  = 13                                        {product} {ergonomic}
   size_t G1HeapRegionSize                         = 2097152                                   {product} {ergonomic}
    uintx GCDrainStackTargetSize                   = 64                                        {product} {ergonomic}
   size_t InitialHeapSize                          = 266338304                                 {product} {ergonomic}
   size_t MarkStackSize                            = 4194304                                   {product} {ergonomic}
   size_t MaxHeapSize                              = 4234149888                                {product} {ergonomic}
   size_t MaxNewSize                               = 2539651072                                {product} {ergonomic}
   size_t MinHeapDeltaBytes                        = 2097152                                   {product} {ergonomic}
   size_t MinHeapSize                              = 8388608                                   {product} {ergonomic}
    uintx NonNMethodCodeHeapSize                   = 7602480                                {pd product} {ergonomic}
    uintx NonProfiledCodeHeapSize                  = 122027880                              {pd product} {ergonomic}
    uintx ProfiledCodeHeapSize                     = 122027880                              {pd product} {ergonomic}
    uintx ReservedCodeCacheSize                    = 251658240                              {pd product} {ergonomic}
     bool SegmentedCodeCache                       = true                                      {product} {ergonomic}
   size_t SoftMaxHeapSize                          = 4234149888                             {manageable} {ergonomic}
     bool UseCompressedOops                        = true                           {product lp64_product} {ergonomic}
     bool UseG1GC                                  = true                                      {product} {ergonomic}
     bool UseLargePagesIndividualAllocation        = false                                  {pd product} {ergonomic}

Logging:
Log output configuration:
 #0: stdout all=warning uptime,level,tags foldmultilines=false
 #1: stderr all=off uptime,level,tags foldmultilines=false

Release file:
JAVA_VERSION="21.0.10" 
MODULES="java.base java.compiler java.datatransfer java.xml java.prefs java.desktop java.instrument java.logging java.management java.security.sasl java.naming java.rmi java.management.rmi java.net.http java.scripting java.security.jgss java.transaction.xa java.sql java.sql.rowset java.xml.crypto java.se java.smartcardio jdk.accessibility jdk.internal.jvmstat jdk.attach jdk.charsets jdk.internal.opt jdk.zipfs jdk.compiler jdk.crypto.ec jdk.crypto.cryptoki jdk.dynalink jdk.hotspot.agent jdk.httpserver jdk.internal.ed jdk.internal.le jdk.internal.vm.ci jdk.jartool jdk.javadoc jdk.jcmd jdk.jdeps jdk.jdwp.agent jdk.jdi jdk.jfr jdk.jlink jdk.jsobject jdk.localedata jdk.management jdk.management.agent jdk.management.jfr jdk.naming.dns jdk.naming.rmi jdk.net jdk.sctp jdk.security.auth jdk.security.jgss jdk.unsupported jdk.unsupported.desktop jdk.xml.dom" 
IMPLEMENTOR="JetBrains s.r.o." 
JAVA_RUNTIME_VERSION="21.0.10+-14961533-b1163.108" 
LIBC="default" 
OS_ARCH="x86_64" 
OS_NAME="Windows" 
SOURCE=".:git:1351622c2ff2" 

Environment Variables:
JAVA_HOME=C:\Program Files\Java\jdk-19
PATH=C:\Program Files\Common Files\Oracle\Java\javapath;C:\Windows\system32;C:\Windows;C:\Windows\System32\Wbem;C:\Windows\System32\WindowsPowerShell\v1.0\;C:\Windows\System32\OpenSSH\;C:\Program Files (x86)\Microsoft SQL Server\160\Tools\Binn\;C:\Program Files\Microsoft SQL Server\160\Tools\Binn\;C:\Program Files\Microsoft SQL Server\Client SDK\ODBC\170\Tools\Binn\;C:\Program Files\Microsoft SQL Server\160\DTS\Binn\;C:\Program Files (x86)\NVIDIA Corporation\PhysX\Common;C:\Users\sabda\AppData\Local\Android\Sdk\tools\bin;C:\flutter\bin;C:\dart-sdk\bin;C:\Program Files\nodejs\;C:\Program Files\Git\cmd;C:\Program Files\dotnet\;C:\WINDOWS\system32;C:\WINDOWS;C:\WINDOWS\System32\Wbem;C:\WINDOWS\System32\WindowsPowerShell\v1.0\;C:\WINDOWS\System32\OpenSSH\;C:\Program Files\NVIDIA Corporation\NVIDIA App\NvDLISR;C:\Users\sabda\AppData\Local\Programs\Python\Python312\Scripts\;C:\Users\sabda\AppData\Local\Programs\Python\Python312\;C:\Users\sabda\AppData\Local\Microsoft\WindowsApps;C:\Program Files\Azure Data Studio\bin;C:\dart-sdk\bin;C:\flutter\bin;C:\Program Files\Java\jdk-19\bin;C:\Users\sabda\AppData\Roaming\npm;
USERNAME=sabda
OS=Windows_NT
PROCESSOR_IDENTIFIER=Intel64 Family 6 Model 141 Stepping 1, GenuineIntel
TMP=C:\Users\sabda\AppData\Local\Temp
TEMP=C:\Users\sabda\AppData\Local\Temp




Periodic native trim disabled

JNI global refs:
JNI global refs: 20, weak refs: 0

JNI global refs memory usage: 835, weak refs: 833

Process memory usage:
Resident Set Size: 223940K (1% of 16538936K total physical memory with 1058312K free physical memory)

OOME stack traces (most recent first):
Classloader memory used:
Loader jdk.internal.loader.ClassLoaders$AppClassLoader                                 : 40215K
Loader bootstrap                                                                       : 13143K
Loader java.net.URLClassLoader                                                         : 2897K
Loader jdk.internal.loader.ClassLoaders$PlatformClassLoader                            : 6880B

---------------  S Y S T E M  ---------------

OS:
 Windows 11 , 64 bit Build 26100 (10.0.26100.8328)
OS uptime: 0 days 3:21 hours
Hyper-V role detected

CPU: total 16 (initial active 16) (8 cores per cpu, 2 threads per core) family 6 model 141 stepping 1 microcode 0x50, cx8, cmov, fxsr, ht, mmx, 3dnowpref, sse, sse2, sse3, ssse3, sse4.1, sse4.2, popcnt, lzcnt, tsc, tscinvbit, avx, avx2, aes, erms, clmul, bmi1, bmi2, adx, avx512f, avx512dq, avx512cd, avx512bw, avx512vl, sha, fma, vzeroupper, avx512_vpopcntdq, avx512_vpclmulqdq, avx512_vaes, avx512_vnni, clflush, clflushopt, clwb, avx512_vbmi2, avx512_vbmi, hv, rdtscp, rdpid, fsrm, gfni, avx512_bitalg, f16c, cet_ibt, cet_ss, avx512_ifma
Processor Information for the first 16 processors :
  Max Mhz: 2304, Current Mhz: 2304, Mhz Limit: 2304

Memory: 4k page, system-wide physical 16151M (1034M free)
TotalPageFile size 20247M (AvailPageFile size 62M)
current process WorkingSet (physical memory assigned to process): 220M, peak: 282M
current process commit charge ("private bytes"): 264M, peak: 373M

vm_info: OpenJDK 64-Bit Server VM (21.0.10+-14961533-b1163.108) for windows-amd64 JRE (21.0.10+-14961533-b1163.108), built on 2026-03-02T19:58:50Z by "builder" with MS VC++ 16.10 / 16.11 (VS2019)

END.
